This is pdfTeX, Version 3.141592653-2.6-1.40.25 (MiKTeX 24.1) (preloaded format=pdflatex 2024.3.17)  23 MAR 2024 12:02
entering extended mode
 restricted \write18 enabled.
 file:line:error style messages enabled.
 %&-line parsing enabled.
**"q:/Personal/Study Resources/Engineering/Lab 1/Do_An_1/main.tex"
(q:/Personal/Study Resources/Engineering/Lab 1/Do_An_1/main.tex
LaTeX2e <2023-11-01> patch level 1
L3 programming layer <2024-01-04>
(Q:\MiKTeX\tex/latex/base\book.cls
Document Class: book 2023/05/17 v1.4n Standard LaTeX document class
(Q:\MiKTeX\tex/latex/base\bk12.clo
File: bk12.clo 2023/05/17 v1.4n Standard LaTeX file (size option)
)
\c@part=\count187
\c@chapter=\count188
\c@section=\count189
\c@subsection=\count190
\c@subsubsection=\count191
\c@paragraph=\count192
\c@subparagraph=\count193
\c@figure=\count194
\c@table=\count195
\abovecaptionskip=\skip48
\belowcaptionskip=\skip49
\bibindent=\dimen140
) (Q:\MiKTeX\tex/latex/psnfss\times.sty
Package: times 2020/03/25 PSNFSS-v9.3 (SPQR) 
) (Q:\MiKTeX\tex/latex/lipsum\lipsum.sty (Q:\MiKTeX\tex/latex/l3packages/l3keys2e\l3keys2e.sty (Q:\MiKTeX\tex/latex/l3kernel\expl3.sty
Package: expl3 2024-01-04 L3 programming layer (loader) 
 (Q:\MiKTeX\tex/latex/l3backend\l3backend-pdftex.def
File: l3backend-pdftex.def 2024-01-04 L3 backend support: PDF output (pdfTeX)
\l__color_backend_stack_int=\count196
\l__pdf_internal_box=\box51
))
Package: l3keys2e 2023-10-10 LaTeX2e option processing using LaTeX3 keys
)
Package: lipsum 2021-09-20 v2.7 150 paragraphs of Lorem Ipsum dummy text
\g__lipsum_par_int=\count197
\l__lipsum_a_int=\count198
\l__lipsum_b_int=\count199
 (Q:\MiKTeX\tex/latex/lipsum\lipsum.ltd.tex)) (Q:\MiKTeX\tex/latex/appendix\appendix.sty
Package: appendix 2020/02/08 v1.2c extra appendix facilities
\c@@pps=\count266
\c@@ppsavesec=\count267
\c@@ppsaveapp=\count268
) (Q:\MiKTeX\tex/latex/enumitem\enumitem.sty
Package: enumitem 2019/06/20 v3.9 Customized lists
\enitkv@toks@=\toks17
\labelindent=\skip50
\enit@outerparindent=\dimen141
\enit@toks=\toks18
\enit@inbox=\box52
\enit@count@id=\count269
\enitdp@description=\count270
) (Q:\MiKTeX\tex/latex/booktabs\booktabs.sty
Package: booktabs 2020/01/12 v1.61803398 Publication quality tables
\heavyrulewidth=\dimen142
\lightrulewidth=\dimen143
\cmidrulewidth=\dimen144
\belowrulesep=\dimen145
\belowbottomsep=\dimen146
\aboverulesep=\dimen147
\abovetopsep=\dimen148
\cmidrulesep=\dimen149
\cmidrulekern=\dimen150
\defaultaddspace=\dimen151
\@cmidla=\count271
\@cmidlb=\count272
\@aboverulesep=\dimen152
\@belowrulesep=\dimen153
\@thisruleclass=\count273
\@lastruleclass=\count274
\@thisrulewidth=\dimen154
) (Q:\MiKTeX\tex/latex/graphics\rotating.sty
Package: rotating 2016/08/11 v2.16d rotated objects in LaTeX
 (Q:\MiKTeX\tex/latex/graphics\graphicx.sty
Package: graphicx 2021/09/16 v1.2d Enhanced LaTeX Graphics (DPC,SPQR)
 (Q:\MiKTeX\tex/latex/graphics\keyval.sty
Package: keyval 2022/05/29 v1.15 key=value parser (DPC)
\KV@toks@=\toks19
) (Q:\MiKTeX\tex/latex/graphics\graphics.sty
Package: graphics 2022/03/10 v1.4e Standard LaTeX Graphics (DPC,SPQR)
 (Q:\MiKTeX\tex/latex/graphics\trig.sty
Package: trig 2021/08/11 v1.11 sin cos tan (DPC)
) (Q:\MiKTeX\tex/latex/graphics-cfg\graphics.cfg
File: graphics.cfg 2016/06/04 v1.11 sample graphics configuration
)
Package graphics Info: Driver file: pdftex.def on input line 107.
 (Q:\MiKTeX\tex/latex/graphics-def\pdftex.def
File: pdftex.def 2022/09/22 v1.2b Graphics/color driver for pdftex
))
\Gin@req@height=\dimen155
\Gin@req@width=\dimen156
) (Q:\MiKTeX\tex/latex/base\ifthen.sty
Package: ifthen 2022/04/13 v1.1d Standard LaTeX ifthen package (DPC)
)
\c@r@tfl@t=\count275
\rotFPtop=\skip51
\rotFPbot=\skip52
\rot@float@box=\box53
\rot@mess@toks=\toks20
) (Q:\MiKTeX\tex/latex/tools\hhline.sty
Package: hhline 2020/01/04 v2.04 Table rule package (DPC)
) (Q:\MiKTeX\tex/latex/colortbl\colortbl.sty
Package: colortbl 2024/02/20 v1.0g Color table columns (DPC)
 (Q:\MiKTeX\tex/latex/tools\array.sty
Package: array 2023/10/16 v2.5g Tabular extension package (FMi)
\col@sep=\dimen157
\ar@mcellbox=\box54
\extrarowheight=\dimen158
\NC@list=\toks21
\extratabsurround=\skip53
\backup@length=\skip54
\ar@cellbox=\box55
) (Q:\MiKTeX\tex/latex/graphics\color.sty
Package: color 2022/01/06 v1.3d Standard LaTeX Color (DPC)
 (Q:\MiKTeX\tex/latex/graphics-cfg\color.cfg
File: color.cfg 2016/01/02 v1.6 sample color configuration
)
Package color Info: Driver file: pdftex.def on input line 149.
 (Q:\MiKTeX\tex/latex/graphics\mathcolor.ltx))
\everycr=\toks22
\minrowclearance=\skip55
\rownum=\count276
) (Q:\MiKTeX\tex/latex/tools\afterpage.sty
Package: afterpage 2023/07/04 v1.08 After-Page Package (DPC)
\AP@output=\toks23
\AP@partial=\box56
\AP@footins=\box57
) (Q:\MiKTeX\tex/latex/mathtools\mathtools.sty
Package: mathtools 2024/03/11 v1.30 mathematical typesetting tools
 (Q:\MiKTeX\tex/latex/tools\calc.sty
Package: calc 2023/07/08 v4.3 Infix arithmetic (KKT,FJ)
\calc@Acount=\count277
\calc@Bcount=\count278
\calc@Adimen=\dimen159
\calc@Bdimen=\dimen160
\calc@Askip=\skip56
\calc@Bskip=\skip57
LaTeX Info: Redefining \setlength on input line 80.
LaTeX Info: Redefining \addtolength on input line 81.
\calc@Ccount=\count279
\calc@Cskip=\skip58
) (Q:\MiKTeX\tex/latex/mathtools\mhsetup.sty
Package: mhsetup 2021/03/18 v1.4 programming setup (MH)
) (Q:\MiKTeX\tex/latex/amsmath\amsmath.sty
Package: amsmath 2023/05/13 v2.17o AMS math features
\@mathmargin=\skip59

For additional information on amsmath, use the `?' option.
(Q:\MiKTeX\tex/latex/amsmath\amstext.sty
Package: amstext 2021/08/26 v2.01 AMS text
 (Q:\MiKTeX\tex/latex/amsmath\amsgen.sty
File: amsgen.sty 1999/11/30 v2.0 generic functions
\@emptytoks=\toks24
\ex@=\dimen161
)) (Q:\MiKTeX\tex/latex/amsmath\amsbsy.sty
Package: amsbsy 1999/11/29 v1.2d Bold Symbols
\pmbraise@=\dimen162
) (Q:\MiKTeX\tex/latex/amsmath\amsopn.sty
Package: amsopn 2022/04/08 v2.04 operator names
)
\inf@bad=\count280
LaTeX Info: Redefining \frac on input line 234.
\uproot@=\count281
\leftroot@=\count282
LaTeX Info: Redefining \overline on input line 399.
LaTeX Info: Redefining \colon on input line 410.
\classnum@=\count283
\DOTSCASE@=\count284
LaTeX Info: Redefining \ldots on input line 496.
LaTeX Info: Redefining \dots on input line 499.
LaTeX Info: Redefining \cdots on input line 620.
\Mathstrutbox@=\box58
\strutbox@=\box59
LaTeX Info: Redefining \big on input line 722.
LaTeX Info: Redefining \Big on input line 723.
LaTeX Info: Redefining \bigg on input line 724.
LaTeX Info: Redefining \Bigg on input line 725.
\big@size=\dimen163
LaTeX Font Info:    Redeclaring font encoding OML on input line 743.
LaTeX Font Info:    Redeclaring font encoding OMS on input line 744.
\macc@depth=\count285
LaTeX Info: Redefining \bmod on input line 905.
LaTeX Info: Redefining \pmod on input line 910.
LaTeX Info: Redefining \smash on input line 940.
LaTeX Info: Redefining \relbar on input line 970.
LaTeX Info: Redefining \Relbar on input line 971.
\c@MaxMatrixCols=\count286
\dotsspace@=\muskip16
\c@parentequation=\count287
\dspbrk@lvl=\count288
\tag@help=\toks25
\row@=\count289
\column@=\count290
\maxfields@=\count291
\andhelp@=\toks26
\eqnshift@=\dimen164
\alignsep@=\dimen165
\tagshift@=\dimen166
\tagwidth@=\dimen167
\totwidth@=\dimen168
\lineht@=\dimen169
\@envbody=\toks27
\multlinegap=\skip60
\multlinetaggap=\skip61
\mathdisplay@stack=\toks28
LaTeX Info: Redefining \[ on input line 2953.
LaTeX Info: Redefining \] on input line 2954.
)
\g_MT_multlinerow_int=\count292
\l_MT_multwidth_dim=\dimen170
\origjot=\skip62
\l_MT_shortvdotswithinadjustabove_dim=\dimen171
\l_MT_shortvdotswithinadjustbelow_dim=\dimen172
\l_MT_above_intertext_sep=\dimen173
\l_MT_below_intertext_sep=\dimen174
\l_MT_above_shortintertext_sep=\dimen175
\l_MT_below_shortintertext_sep=\dimen176
\xmathstrut@box=\box60
\xmathstrut@dim=\dimen177
) (Q:\MiKTeX\tex/latex/setspace\setspace.sty
Package: setspace 2022/12/04 v6.7b set line spacing
) (Q:\MiKTeX\tex/latex/vntex\vietnam.sty
Package: vietnam 2009/07/12 v1.3 support for Vietnamese
 (Q:\MiKTeX\tex/latex/base\fontenc.sty
Package: fontenc 2021/04/29 v2.0v Standard LaTeX package
 (Q:\MiKTeX\tex/latex/vntex\t5enc.def
File: t5enc.def 2006/11/21 v1.4 Vietnamese T5 encoding
Now handling font encoding T5 ...
... processing UTF-8 mapping file for font encoding T5
 (Q:\MiKTeX\tex/latex/vntex\t5enc.dfu
File: t5enc.dfu 2006/08/19 v1.1 UTF8 support for Vietnamese
   defining Unicode char U+00AB (decimal 171)
   defining Unicode char U+00BB (decimal 187)
   defining Unicode char U+00C0 (decimal 192)
   defining Unicode char U+00C1 (decimal 193)
   defining Unicode char U+00C2 (decimal 194)
   defining Unicode char U+00C3 (decimal 195)
   defining Unicode char U+00C8 (decimal 200)
   defining Unicode char U+00C9 (decimal 201)
   defining Unicode char U+00CA (decimal 202)
   defining Unicode char U+00CC (decimal 204)
   defining Unicode char U+00CD (decimal 205)
   defining Unicode char U+00D2 (decimal 210)
   defining Unicode char U+00D3 (decimal 211)
   defining Unicode char U+00D4 (decimal 212)
   defining Unicode char U+00D5 (decimal 213)
   defining Unicode char U+00D9 (decimal 217)
   defining Unicode char U+00DA (decimal 218)
   defining Unicode char U+00DD (decimal 221)
   defining Unicode char U+00E0 (decimal 224)
   defining Unicode char U+00E1 (decimal 225)
   defining Unicode char U+00E2 (decimal 226)
   defining Unicode char U+00E3 (decimal 227)
   defining Unicode char U+00E8 (decimal 232)
   defining Unicode char U+00E9 (decimal 233)
   defining Unicode char U+00EA (decimal 234)
   defining Unicode char U+00EC (decimal 236)
   defining Unicode char U+00ED (decimal 237)
   defining Unicode char U+00F2 (decimal 242)
   defining Unicode char U+00F3 (decimal 243)
   defining Unicode char U+00F4 (decimal 244)
   defining Unicode char U+00F5 (decimal 245)
   defining Unicode char U+00F9 (decimal 249)
   defining Unicode char U+00FA (decimal 250)
   defining Unicode char U+00FD (decimal 253)
   defining Unicode char U+0102 (decimal 258)
   defining Unicode char U+0103 (decimal 259)
   defining Unicode char U+0110 (decimal 272)
   defining Unicode char U+0111 (decimal 273)
   defining Unicode char U+0128 (decimal 296)
   defining Unicode char U+0129 (decimal 297)
   defining Unicode char U+0131 (decimal 305)
   defining Unicode char U+0168 (decimal 360)
   defining Unicode char U+0169 (decimal 361)
   defining Unicode char U+01A0 (decimal 416)
   defining Unicode char U+01A1 (decimal 417)
   defining Unicode char U+01AF (decimal 431)
   defining Unicode char U+01B0 (decimal 432)
   defining Unicode char U+1EA0 (decimal 7840)
   defining Unicode char U+1EA1 (decimal 7841)
   defining Unicode char U+1EA2 (decimal 7842)
   defining Unicode char U+1EA3 (decimal 7843)
   defining Unicode char U+1EA4 (decimal 7844)
   defining Unicode char U+1EA5 (decimal 7845)
   defining Unicode char U+1EA6 (decimal 7846)
   defining Unicode char U+1EA7 (decimal 7847)
   defining Unicode char U+1EA8 (decimal 7848)
   defining Unicode char U+1EA9 (decimal 7849)
   defining Unicode char U+1EAA (decimal 7850)
   defining Unicode char U+1EAB (decimal 7851)
   defining Unicode char U+1EAC (decimal 7852)
   defining Unicode char U+1EAD (decimal 7853)
   defining Unicode char U+1EAE (decimal 7854)
   defining Unicode char U+1EAF (decimal 7855)
   defining Unicode char U+1EB0 (decimal 7856)
   defining Unicode char U+1EB1 (decimal 7857)
   defining Unicode char U+1EB2 (decimal 7858)
   defining Unicode char U+1EB3 (decimal 7859)
   defining Unicode char U+1EB4 (decimal 7860)
   defining Unicode char U+1EB5 (decimal 7861)
   defining Unicode char U+1EB6 (decimal 7862)
   defining Unicode char U+1EB7 (decimal 7863)
   defining Unicode char U+1EB8 (decimal 7864)
   defining Unicode char U+1EB9 (decimal 7865)
   defining Unicode char U+1EBA (decimal 7866)
   defining Unicode char U+1EBB (decimal 7867)
   defining Unicode char U+1EBC (decimal 7868)
   defining Unicode char U+1EBD (decimal 7869)
   defining Unicode char U+1EBE (decimal 7870)
   defining Unicode char U+1EBF (decimal 7871)
   defining Unicode char U+1EC0 (decimal 7872)
   defining Unicode char U+1EC1 (decimal 7873)
   defining Unicode char U+1EC2 (decimal 7874)
   defining Unicode char U+1EC3 (decimal 7875)
   defining Unicode char U+1EC4 (decimal 7876)
   defining Unicode char U+1EC5 (decimal 7877)
   defining Unicode char U+1EC6 (decimal 7878)
   defining Unicode char U+1EC7 (decimal 7879)
   defining Unicode char U+1EC8 (decimal 7880)
   defining Unicode char U+1EC9 (decimal 7881)
   defining Unicode char U+1ECA (decimal 7882)
   defining Unicode char U+1ECB (decimal 7883)
   defining Unicode char U+1ECC (decimal 7884)
   defining Unicode char U+1ECD (decimal 7885)
   defining Unicode char U+1ECE (decimal 7886)
   defining Unicode char U+1ECF (decimal 7887)
   defining Unicode char U+1ED0 (decimal 7888)
   defining Unicode char U+1ED1 (decimal 7889)
   defining Unicode char U+1ED2 (decimal 7890)
   defining Unicode char U+1ED3 (decimal 7891)
   defining Unicode char U+1ED4 (decimal 7892)
   defining Unicode char U+1ED5 (decimal 7893)
   defining Unicode char U+1ED6 (decimal 7894)
   defining Unicode char U+1ED7 (decimal 7895)
   defining Unicode char U+1ED8 (decimal 7896)
   defining Unicode char U+1ED9 (decimal 7897)
   defining Unicode char U+1EDA (decimal 7898)
   defining Unicode char U+1EDB (decimal 7899)
   defining Unicode char U+1EDC (decimal 7900)
   defining Unicode char U+1EDD (decimal 7901)
   defining Unicode char U+1EDE (decimal 7902)
   defining Unicode char U+1EDF (decimal 7903)
   defining Unicode char U+1EE0 (decimal 7904)
   defining Unicode char U+1EE1 (decimal 7905)
   defining Unicode char U+1EE2 (decimal 7906)
   defining Unicode char U+1EE3 (decimal 7907)
   defining Unicode char U+1EE4 (decimal 7908)
   defining Unicode char U+1EE5 (decimal 7909)
   defining Unicode char U+1EE6 (decimal 7910)
   defining Unicode char U+1EE7 (decimal 7911)
   defining Unicode char U+1EE8 (decimal 7912)
   defining Unicode char U+1EE9 (decimal 7913)
   defining Unicode char U+1EEA (decimal 7914)
   defining Unicode char U+1EEB (decimal 7915)
   defining Unicode char U+1EEC (decimal 7916)
   defining Unicode char U+1EED (decimal 7917)
   defining Unicode char U+1EEE (decimal 7918)
   defining Unicode char U+1EEF (decimal 7919)
   defining Unicode char U+1EF0 (decimal 7920)
   defining Unicode char U+1EF1 (decimal 7921)
   defining Unicode char U+1EF2 (decimal 7922)
   defining Unicode char U+1EF3 (decimal 7923)
   defining Unicode char U+1EF4 (decimal 7924)
   defining Unicode char U+1EF5 (decimal 7925)
   defining Unicode char U+1EF6 (decimal 7926)
   defining Unicode char U+1EF7 (decimal 7927)
   defining Unicode char U+1EF8 (decimal 7928)
   defining Unicode char U+1EF9 (decimal 7929)
   defining Unicode char U+200C (decimal 8204)
   defining Unicode char U+2013 (decimal 8211)
   defining Unicode char U+2014 (decimal 8212)
   defining Unicode char U+2018 (decimal 8216)
   defining Unicode char U+2019 (decimal 8217)
   defining Unicode char U+201A (decimal 8218)
   defining Unicode char U+201C (decimal 8220)
   defining Unicode char U+201D (decimal 8221)
   defining Unicode char U+201E (decimal 8222)
   defining Unicode char U+2030 (decimal 8240)
   defining Unicode char U+2031 (decimal 8241)
   defining Unicode char U+2039 (decimal 8249)
   defining Unicode char U+203A (decimal 8250)
   defining Unicode char U+2423 (decimal 9251)
))
LaTeX Font Info:    Trying to load font information for T5+ptm on input line 112.
 (Q:\MiKTeX\tex/latex/vntex\t5ptm.fd
File: t5utm.fd 2005/08/24 Fontinst v1.929 font definitions for T5/ptm.
)) (Q:\MiKTeX\tex/latex/base\inputenc.sty
Package: inputenc 2021/02/14 v1.3d Input encoding file
\inpenc@prehook=\toks29
\inpenc@posthook=\toks30
) (Q:\MiKTeX\tex/latex/vntex\vncaps.tex
File: vncaps.tex 2006/06/07 v1.1 Captions in Vietnamese
)) (Q:\MiKTeX\tex/latex/base\latexsym.sty
Package: latexsym 1998/08/17 v2.2e Standard LaTeX package (lasy symbols)
\symlasy=\mathgroup4
LaTeX Font Info:    Overwriting symbol font `lasy' in version `bold'
(Font)                  U/lasy/m/n --> U/lasy/b/n on input line 52.
) (Q:\MiKTeX\tex/latex/amsfonts\amssymb.sty
Package: amssymb 2013/01/14 v3.01 AMS font symbols
 (Q:\MiKTeX\tex/latex/amsfonts\amsfonts.sty
Package: amsfonts 2013/01/14 v3.01 Basic AMSFonts support
\symAMSa=\mathgroup5
\symAMSb=\mathgroup6
LaTeX Font Info:    Redeclaring math symbol \hbar on input line 98.
LaTeX Font Info:    Overwriting math alphabet `\mathfrak' in version `bold'
(Font)                  U/euf/m/n --> U/euf/b/n on input line 106.
)) (Q:\MiKTeX\tex/latex/amscls\amsthm.sty
Package: amsthm 2020/05/29 v2.20.6
\thm@style=\toks31
\thm@bodyfont=\toks32
\thm@headfont=\toks33
\thm@notefont=\toks34
\thm@headpunct=\toks35
\thm@preskip=\skip63
\thm@postskip=\skip64
\thm@headsep=\skip65
\dth@everypar=\toks36
) (Q:\MiKTeX\tex/latex/tools\multicol.sty
Package: multicol 2023/03/30 v1.9f multicolumn formatting (FMi)
\c@tracingmulticols=\count293
\mult@box=\box61
\multicol@leftmargin=\dimen178
\c@unbalance=\count294
\c@collectmore=\count295
\doublecol@number=\count296
\multicoltolerance=\count297
\multicolpretolerance=\count298
\full@width=\dimen179
\page@free=\dimen180
\premulticols=\dimen181
\postmulticols=\dimen182
\multicolsep=\skip66
\multicolbaselineskip=\skip67
\partial@page=\box62
\last@line=\box63
\mc@boxedresult=\box64
\maxbalancingoverflow=\dimen183
\mult@rightbox=\box65
\mult@grightbox=\box66
\mult@firstbox=\box67
\mult@gfirstbox=\box68
\@tempa=\box69
\@tempa=\box70
\@tempa=\box71
\@tempa=\box72
\@tempa=\box73
\@tempa=\box74
\@tempa=\box75
\@tempa=\box76
\@tempa=\box77
\@tempa=\box78
\@tempa=\box79
\@tempa=\box80
\@tempa=\box81
\@tempa=\box82
\@tempa=\box83
\@tempa=\box84
\@tempa=\box85
\@tempa=\box86
\@tempa=\box87
\@tempa=\box88
\@tempa=\box89
\@tempa=\box90
\@tempa=\box91
\@tempa=\box92
\@tempa=\box93
\@tempa=\box94
\@tempa=\box95
\@tempa=\box96
\@tempa=\box97
\@tempa=\box98
\@tempa=\box99
\@tempa=\box100
\@tempa=\box101
\@tempa=\box102
\@tempa=\box103
\@tempa=\box104
\c@minrows=\count299
\c@columnbadness=\count300
\c@finalcolumnbadness=\count301
\last@try=\dimen184
\multicolovershoot=\dimen185
\multicolundershoot=\dimen186
\mult@nat@firstbox=\box105
\colbreak@box=\box106
\mc@col@check@num=\count302
) (Q:\MiKTeX\tex/latex/ncctools\nccmath.sty
Package: nccmath 2006/01/20 v1.3 Additional Math Commands (NCC)
\NCC@fracrulewidth=\dimen187
) (Q:\MiKTeX\tex/latex/geometry\geometry.sty
Package: geometry 2020/01/02 v5.9 Page Geometry
 (Q:\MiKTeX\tex/generic/iftex\ifvtex.sty
Package: ifvtex 2019/10/25 v1.7 ifvtex legacy package. Use iftex instead.
 (Q:\MiKTeX\tex/generic/iftex\iftex.sty
Package: iftex 2022/02/03 v1.0f TeX engine tests
))
\Gm@cnth=\count303
\Gm@cntv=\count304
\c@Gm@tempcnt=\count305
\Gm@bindingoffset=\dimen188
\Gm@wd@mp=\dimen189
\Gm@odd@mp=\dimen190
\Gm@even@mp=\dimen191
\Gm@layoutwidth=\dimen192
\Gm@layoutheight=\dimen193
\Gm@layouthoffset=\dimen194
\Gm@layoutvoffset=\dimen195
\Gm@dimlist=\toks37
 (Q:\MiKTeX\tex/latex/geometry\geometry.cfg)) (Q:\MiKTeX\tex/latex/pdflscape\pdflscape.sty
Package: pdflscape 2022-10-27 v0.13 Display of landscape pages in PDF
 (Q:\MiKTeX\tex/latex/pdflscape\pdflscape-nometadata.sty
Package: pdflscape-nometadata 2022-10-28 v0.13 Display of landscape pages in PDF (HO)
 (Q:\MiKTeX\tex/latex/graphics\lscape.sty
Package: lscape 2020/05/28 v3.02 Landscape Pages (DPC)
)
Package pdflscape Info: Auto-detected driver: pdftex on input line 81.
)) (Q:\MiKTeX\tex/latex/apacite\apacite.sty
Package: apacite 2013/07/21 v6.03 APA citation
\c@BibCnt=\count306
\bibleftmargin=\skip68
\bibindent=\skip69
\bibparsep=\skip70
\bibitemsep=\skip71
\biblabelsep=\skip72
) (Q:\MiKTeX\tex/latex/pgf/frontendlayer\tikz.sty (Q:\MiKTeX\tex/latex/pgf/basiclayer\pgf.sty (Q:\MiKTeX\tex/latex/pgf/utilities\pgfrcs.sty (Q:\MiKTeX\tex/generic/pgf/utilities\pgfutil-common.tex
\pgfutil@everybye=\toks38
\pgfutil@tempdima=\dimen196
\pgfutil@tempdimb=\dimen197
) (Q:\MiKTeX\tex/generic/pgf/utilities\pgfutil-latex.def
\pgfutil@abb=\box107
) (Q:\MiKTeX\tex/generic/pgf/utilities\pgfrcs.code.tex (Q:\MiKTeX\tex/generic/pgf\pgf.revision.tex)
Package: pgfrcs 2023-01-15 v3.1.10 (3.1.10)
))
Package: pgf 2023-01-15 v3.1.10 (3.1.10)
 (Q:\MiKTeX\tex/latex/pgf/basiclayer\pgfcore.sty (Q:\MiKTeX\tex/latex/pgf/systemlayer\pgfsys.sty (Q:\MiKTeX\tex/generic/pgf/systemlayer\pgfsys.code.tex
Package: pgfsys 2023-01-15 v3.1.10 (3.1.10)
 (Q:\MiKTeX\tex/generic/pgf/utilities\pgfkeys.code.tex
\pgfkeys@pathtoks=\toks39
\pgfkeys@temptoks=\toks40
 (Q:\MiKTeX\tex/generic/pgf/utilities\pgfkeyslibraryfiltered.code.tex
\pgfkeys@tmptoks=\toks41
))
\pgf@x=\dimen198
\pgf@y=\dimen199
\pgf@xa=\dimen256
\pgf@ya=\dimen257
\pgf@xb=\dimen258
\pgf@yb=\dimen259
\pgf@xc=\dimen260
\pgf@yc=\dimen261
\pgf@xd=\dimen262
\pgf@yd=\dimen263
\w@pgf@writea=\write3
\r@pgf@reada=\read2
\c@pgf@counta=\count307
\c@pgf@countb=\count308
\c@pgf@countc=\count309
\c@pgf@countd=\count310
\t@pgf@toka=\toks42
\t@pgf@tokb=\toks43
\t@pgf@tokc=\toks44
\pgf@sys@id@count=\count311
 (Q:\MiKTeX\tex/generic/pgf/systemlayer\pgf.cfg
File: pgf.cfg 2023-01-15 v3.1.10 (3.1.10)
)
Driver file for pgf: pgfsys-pdftex.def
 (Q:\MiKTeX\tex/generic/pgf/systemlayer\pgfsys-pdftex.def
File: pgfsys-pdftex.def 2023-01-15 v3.1.10 (3.1.10)
 (Q:\MiKTeX\tex/generic/pgf/systemlayer\pgfsys-common-pdf.def
File: pgfsys-common-pdf.def 2023-01-15 v3.1.10 (3.1.10)
))) (Q:\MiKTeX\tex/generic/pgf/systemlayer\pgfsyssoftpath.code.tex
File: pgfsyssoftpath.code.tex 2023-01-15 v3.1.10 (3.1.10)
\pgfsyssoftpath@smallbuffer@items=\count312
\pgfsyssoftpath@bigbuffer@items=\count313
) (Q:\MiKTeX\tex/generic/pgf/systemlayer\pgfsysprotocol.code.tex
File: pgfsysprotocol.code.tex 2023-01-15 v3.1.10 (3.1.10)
)) (Q:\MiKTeX\tex/latex/xcolor\xcolor.sty
Package: xcolor 2023/11/15 v3.01 LaTeX color extensions (UK)
 (Q:\MiKTeX\tex/latex/graphics-cfg\color.cfg
File: color.cfg 2016/01/02 v1.6 sample color configuration
)
Package xcolor Info: Driver file: pdftex.def on input line 274.
LaTeX Info: Redefining \color on input line 758.
 (Q:\MiKTeX\tex/latex/graphics\mathcolor.ltx)
Package xcolor Info: Model `cmy' substituted by `cmy0' on input line 1350.
Package xcolor Info: Model `hsb' substituted by `rgb' on input line 1354.
Package xcolor Info: Model `RGB' extended on input line 1366.
Package xcolor Info: Model `HTML' substituted by `rgb' on input line 1368.
Package xcolor Info: Model `Hsb' substituted by `hsb' on input line 1369.
Package xcolor Info: Model `tHsb' substituted by `hsb' on input line 1370.
Package xcolor Info: Model `HSB' substituted by `hsb' on input line 1371.
Package xcolor Info: Model `Gray' substituted by `gray' on input line 1372.
Package xcolor Info: Model `wave' substituted by `hsb' on input line 1373.
) (Q:\MiKTeX\tex/generic/pgf/basiclayer\pgfcore.code.tex
Package: pgfcore 2023-01-15 v3.1.10 (3.1.10)
 (Q:\MiKTeX\tex/generic/pgf/math\pgfmath.code.tex (Q:\MiKTeX\tex/generic/pgf/math\pgfmathutil.code.tex) (Q:\MiKTeX\tex/generic/pgf/math\pgfmathparser.code.tex
\pgfmath@dimen=\dimen264
\pgfmath@count=\count314
\pgfmath@box=\box108
\pgfmath@toks=\toks45
\pgfmath@stack@operand=\toks46
\pgfmath@stack@operation=\toks47
) (Q:\MiKTeX\tex/generic/pgf/math\pgfmathfunctions.code.tex) (Q:\MiKTeX\tex/generic/pgf/math\pgfmathfunctions.basic.code.tex) (Q:\MiKTeX\tex/generic/pgf/math\pgfmathfunctions.trigonometric.code.tex) (Q:\MiKTeX\tex/generic/pgf/math\pgfmathfunctions.random.code.tex) (Q:\MiKTeX\tex/generic/pgf/math\pgfmathfunctions.comparison.code.tex) (Q:\MiKTeX\tex/generic/pgf/math\pgfmathfunctions.base.code.tex) (Q:\MiKTeX\tex/generic/pgf/math\pgfmathfunctions.round.code.tex) (Q:\MiKTeX\tex/generic/pgf/math\pgfmathfunctions.misc.code.tex) (Q:\MiKTeX\tex/generic/pgf/math\pgfmathfunctions.integerarithmetics.code.tex) (Q:\MiKTeX\tex/generic/pgf/math\pgfmathcalc.code.tex) (Q:\MiKTeX\tex/generic/pgf/math\pgfmathfloat.code.tex
\c@pgfmathroundto@lastzeros=\count315
)) (Q:\MiKTeX\tex/generic/pgf/math\pgfint.code.tex) (Q:\MiKTeX\tex/generic/pgf/basiclayer\pgfcorepoints.code.tex
File: pgfcorepoints.code.tex 2023-01-15 v3.1.10 (3.1.10)
\pgf@picminx=\dimen265
\pgf@picmaxx=\dimen266
\pgf@picminy=\dimen267
\pgf@picmaxy=\dimen268
\pgf@pathminx=\dimen269
\pgf@pathmaxx=\dimen270
\pgf@pathminy=\dimen271
\pgf@pathmaxy=\dimen272
\pgf@xx=\dimen273
\pgf@xy=\dimen274
\pgf@yx=\dimen275
\pgf@yy=\dimen276
\pgf@zx=\dimen277
\pgf@zy=\dimen278
) (Q:\MiKTeX\tex/generic/pgf/basiclayer\pgfcorepathconstruct.code.tex
File: pgfcorepathconstruct.code.tex 2023-01-15 v3.1.10 (3.1.10)
\pgf@path@lastx=\dimen279
\pgf@path@lasty=\dimen280
) (Q:\MiKTeX\tex/generic/pgf/basiclayer\pgfcorepathusage.code.tex
File: pgfcorepathusage.code.tex 2023-01-15 v3.1.10 (3.1.10)
\pgf@shorten@end@additional=\dimen281
\pgf@shorten@start@additional=\dimen282
) (Q:\MiKTeX\tex/generic/pgf/basiclayer\pgfcorescopes.code.tex
File: pgfcorescopes.code.tex 2023-01-15 v3.1.10 (3.1.10)
\pgfpic=\box109
\pgf@hbox=\box110
\pgf@layerbox@main=\box111
\pgf@picture@serial@count=\count316
) (Q:\MiKTeX\tex/generic/pgf/basiclayer\pgfcoregraphicstate.code.tex
File: pgfcoregraphicstate.code.tex 2023-01-15 v3.1.10 (3.1.10)
\pgflinewidth=\dimen283
) (Q:\MiKTeX\tex/generic/pgf/basiclayer\pgfcoretransformations.code.tex
File: pgfcoretransformations.code.tex 2023-01-15 v3.1.10 (3.1.10)
\pgf@pt@x=\dimen284
\pgf@pt@y=\dimen285
\pgf@pt@temp=\dimen286
) (Q:\MiKTeX\tex/generic/pgf/basiclayer\pgfcorequick.code.tex
File: pgfcorequick.code.tex 2023-01-15 v3.1.10 (3.1.10)
) (Q:\MiKTeX\tex/generic/pgf/basiclayer\pgfcoreobjects.code.tex
File: pgfcoreobjects.code.tex 2023-01-15 v3.1.10 (3.1.10)
) (Q:\MiKTeX\tex/generic/pgf/basiclayer\pgfcorepathprocessing.code.tex
File: pgfcorepathprocessing.code.tex 2023-01-15 v3.1.10 (3.1.10)
) (Q:\MiKTeX\tex/generic/pgf/basiclayer\pgfcorearrows.code.tex
File: pgfcorearrows.code.tex 2023-01-15 v3.1.10 (3.1.10)
\pgfarrowsep=\dimen287
) (Q:\MiKTeX\tex/generic/pgf/basiclayer\pgfcoreshade.code.tex
File: pgfcoreshade.code.tex 2023-01-15 v3.1.10 (3.1.10)
\pgf@max=\dimen288
\pgf@sys@shading@range@num=\count317
\pgf@shadingcount=\count318
) (Q:\MiKTeX\tex/generic/pgf/basiclayer\pgfcoreimage.code.tex
File: pgfcoreimage.code.tex 2023-01-15 v3.1.10 (3.1.10)
) (Q:\MiKTeX\tex/generic/pgf/basiclayer\pgfcoreexternal.code.tex
File: pgfcoreexternal.code.tex 2023-01-15 v3.1.10 (3.1.10)
\pgfexternal@startupbox=\box112
) (Q:\MiKTeX\tex/generic/pgf/basiclayer\pgfcorelayers.code.tex
File: pgfcorelayers.code.tex 2023-01-15 v3.1.10 (3.1.10)
) (Q:\MiKTeX\tex/generic/pgf/basiclayer\pgfcoretransparency.code.tex
File: pgfcoretransparency.code.tex 2023-01-15 v3.1.10 (3.1.10)
) (Q:\MiKTeX\tex/generic/pgf/basiclayer\pgfcorepatterns.code.tex
File: pgfcorepatterns.code.tex 2023-01-15 v3.1.10 (3.1.10)
) (Q:\MiKTeX\tex/generic/pgf/basiclayer\pgfcorerdf.code.tex
File: pgfcorerdf.code.tex 2023-01-15 v3.1.10 (3.1.10)
))) (Q:\MiKTeX\tex/generic/pgf/modules\pgfmoduleshapes.code.tex
File: pgfmoduleshapes.code.tex 2023-01-15 v3.1.10 (3.1.10)
\pgfnodeparttextbox=\box113
) (Q:\MiKTeX\tex/generic/pgf/modules\pgfmoduleplot.code.tex
File: pgfmoduleplot.code.tex 2023-01-15 v3.1.10 (3.1.10)
) (Q:\MiKTeX\tex/latex/pgf/compatibility\pgfcomp-version-0-65.sty
Package: pgfcomp-version-0-65 2023-01-15 v3.1.10 (3.1.10)
\pgf@nodesepstart=\dimen289
\pgf@nodesepend=\dimen290
) (Q:\MiKTeX\tex/latex/pgf/compatibility\pgfcomp-version-1-18.sty
Package: pgfcomp-version-1-18 2023-01-15 v3.1.10 (3.1.10)
)) (Q:\MiKTeX\tex/latex/pgf/utilities\pgffor.sty (Q:\MiKTeX\tex/latex/pgf/utilities\pgfkeys.sty (Q:\MiKTeX\tex/generic/pgf/utilities\pgfkeys.code.tex)) (Q:\MiKTeX\tex/latex/pgf/math\pgfmath.sty (Q:\MiKTeX\tex/generic/pgf/math\pgfmath.code.tex)) (Q:\MiKTeX\tex/generic/pgf/utilities\pgffor.code.tex
Package: pgffor 2023-01-15 v3.1.10 (3.1.10)
\pgffor@iter=\dimen291
\pgffor@skip=\dimen292
\pgffor@stack=\toks48
\pgffor@toks=\toks49
)) (Q:\MiKTeX\tex/generic/pgf/frontendlayer/tikz\tikz.code.tex
Package: tikz 2023-01-15 v3.1.10 (3.1.10)
 (Q:\MiKTeX\tex/generic/pgf/libraries\pgflibraryplothandlers.code.tex
File: pgflibraryplothandlers.code.tex 2023-01-15 v3.1.10 (3.1.10)
\pgf@plot@mark@count=\count319
\pgfplotmarksize=\dimen293
)
\tikz@lastx=\dimen294
\tikz@lasty=\dimen295
\tikz@lastxsaved=\dimen296
\tikz@lastysaved=\dimen297
\tikz@lastmovetox=\dimen298
\tikz@lastmovetoy=\dimen299
\tikzleveldistance=\dimen300
\tikzsiblingdistance=\dimen301
\tikz@figbox=\box114
\tikz@figbox@bg=\box115
\tikz@tempbox=\box116
\tikz@tempbox@bg=\box117
\tikztreelevel=\count320
\tikznumberofchildren=\count321
\tikznumberofcurrentchild=\count322
\tikz@fig@count=\count323
 (Q:\MiKTeX\tex/generic/pgf/modules\pgfmodulematrix.code.tex
File: pgfmodulematrix.code.tex 2023-01-15 v3.1.10 (3.1.10)
\pgfmatrixcurrentrow=\count324
\pgfmatrixcurrentcolumn=\count325
\pgf@matrix@numberofcolumns=\count326
)
\tikz@expandcount=\count327
 (Q:\MiKTeX\tex/generic/pgf/frontendlayer/tikz/libraries\tikzlibrarytopaths.code.tex
File: tikzlibrarytopaths.code.tex 2023-01-15 v3.1.10 (3.1.10)
))) (Q:\MiKTeX\tex/generic/pgf/frontendlayer/tikz/libraries\tikzlibrarycalc.code.tex
File: tikzlibrarycalc.code.tex 2023-01-15 v3.1.10 (3.1.10)
) (Q:\MiKTeX\tex/latex/tools\tabularx.sty
Package: tabularx 2023/07/08 v2.11c `tabularx' package (DPC)
\TX@col@width=\dimen302
\TX@old@table=\dimen303
\TX@old@col=\dimen304
\TX@target=\dimen305
\TX@delta=\dimen306
\TX@cols=\count328
\TX@ftn=\toks50
) (Q:\MiKTeX\tex/latex/natbib\natbib.sty
Package: natbib 2010/09/13 8.31b (PWD, AO)
\bibhang=\skip73
\bibsep=\skip74
LaTeX Info: Redefining \cite on input line 694.
LaTeX Info: Redefining \citeauthor on input line 712.
LaTeX Info: Redefining \citeyear on input line 735.
\c@NAT@ctr=\count329
) (Q:\MiKTeX\tex/latex/tools\indentfirst.sty
Package: indentfirst 2023/07/02 v1.03 Indent first paragraph (DPC)
) (Q:\MiKTeX\tex/latex/base\exscale.sty
Package: exscale 2018/09/24 v2.1i Standard LaTeX package exscale
LaTeX Font Info:    Redeclaring symbol font `largesymbols' on input line 57.
LaTeX Font Info:    Overwriting symbol font `largesymbols' in version `normal'
(Font)                  OMX/cmex/m/n --> OMX/cmex/m/n on input line 57.
LaTeX Font Info:    Overwriting symbol font `largesymbols' in version `bold'
(Font)                  OMX/cmex/m/n --> OMX/cmex/m/n on input line 57.
\big@size=\dimen307
) (Q:\MiKTeX\tex/latex/amsfonts\eucal.sty
Package: eucal 2009/06/22 v3.00 Euler Script fonts
LaTeX Font Info:    Overwriting math alphabet `\EuScript' in version `bold'
(Font)                  U/eus/m/n --> U/eus/b/n on input line 33.
) (Q:\MiKTeX\tex/latex/fancyhdr\fancyhdr.sty
Package: fancyhdr 2022/11/09 v4.1 Extensive control of page headers and footers
\f@nch@headwidth=\skip75
\f@nch@O@elh=\skip76
\f@nch@O@erh=\skip77
\f@nch@O@olh=\skip78
\f@nch@O@orh=\skip79
\f@nch@O@elf=\skip80
\f@nch@O@erf=\skip81
\f@nch@O@olf=\skip82
\f@nch@O@orf=\skip83
) (Q:\MiKTeX\tex/latex/fncychap\fncychap.sty
Package: fncychap 2007/07/30 v1.34 LaTeX package (Revised chapters)
\RW=\skip84
\mylen=\skip85
\myhi=\skip86
\px=\skip87
\py=\skip88
\pyy=\skip89
\pxx=\skip90
) (Q:\MiKTeX\tex/latex/algorithms\algorithm.sty
Package: algorithm 2009/08/24 v0.1 Document Style `algorithm' - floating environment
 (Q:\MiKTeX\tex/latex/float\float.sty
Package: float 2001/11/08 v1.3d Float enhancements (AL)
\c@float@type=\count330
\float@exts=\toks51
\float@box=\box118
\@float@everytoks=\toks52
\@floatcapt=\box119
)
\@float@every@algorithm=\toks53
\c@algorithm=\count331
) (Q:\MiKTeX\tex/latex/multirow\multirow.sty
Package: multirow 2021/03/15 v2.8 Span multiple rows of a table
\multirow@colwidth=\skip91
\multirow@cntb=\count332
\multirow@dima=\skip92
\bigstrutjot=\dimen308
) (Q:\MiKTeX\tex/latex/algorithmicx\algpseudocode.sty
Package: algpseudocode 
 (Q:\MiKTeX\tex/latex/algorithmicx\algorithmicx.sty
Package: algorithmicx 2005/04/27 v1.2 Algorithmicx

Document Style algorithmicx 1.2 - a greatly improved `algorithmic' style
\c@ALG@line=\count333
\c@ALG@rem=\count334
\c@ALG@nested=\count335
\ALG@tlm=\skip93
\ALG@thistlm=\skip94
\c@ALG@Lnr=\count336
\c@ALG@blocknr=\count337
\c@ALG@storecount=\count338
\c@ALG@tmpcounter=\count339
\ALG@tmplength=\skip95
)
Document Style - pseudocode environments for use with the `algorithmicx' style
) (Q:\MiKTeX\tex/latex/tools\longtable.sty
Package: longtable 2023-11-01 v4.19 Multi-page Table package (DPC)
\LTleft=\skip96
\LTright=\skip97
\LTpre=\skip98
\LTpost=\skip99
\LTchunksize=\count340
\LTcapwidth=\dimen309
\LT@head=\box120
\LT@firsthead=\box121
\LT@foot=\box122
\LT@lastfoot=\box123
\LT@gbox=\box124
\LT@cols=\count341
\LT@rows=\count342
\c@LT@tables=\count343
\c@LT@chunks=\count344
\LT@p@ftn=\toks54
) (Q:\MiKTeX\tex/latex/etoolbox\etoolbox.sty
Package: etoolbox 2020/10/05 v2.5k e-TeX tools for LaTeX (JAW)
\etb@tempcnta=\count345
) (Q:\MiKTeX\tex/generic/pgf/frontendlayer/tikz/libraries\tikzlibraryarrows.code.tex
File: tikzlibraryarrows.code.tex 2023-01-15 v3.1.10 (3.1.10)
 (Q:\MiKTeX\tex/generic/pgf/libraries\pgflibraryarrows.code.tex
File: pgflibraryarrows.code.tex 2023-01-15 v3.1.10 (3.1.10)
\arrowsize=\dimen310
)) (Q:\MiKTeX\tex/generic/pgf/frontendlayer/tikz/libraries\tikzlibrarydecorations.pathmorphing.code.tex (Q:\MiKTeX\tex/generic/pgf/frontendlayer/tikz/libraries\tikzlibrarydecorations.code.tex (Q:\MiKTeX\tex/generic/pgf/modules\pgfmoduledecorations.code.tex
\pgfdecoratedcompleteddistance=\dimen311
\pgfdecoratedremainingdistance=\dimen312
\pgfdecoratedinputsegmentcompleteddistance=\dimen313
\pgfdecoratedinputsegmentremainingdistance=\dimen314
\pgf@decorate@distancetomove=\dimen315
\pgf@decorate@repeatstate=\count346
\pgfdecorationsegmentamplitude=\dimen316
\pgfdecorationsegmentlength=\dimen317
)
\tikz@lib@dec@box=\box125
) (Q:\MiKTeX\tex/generic/pgf/libraries/decorations\pgflibrarydecorations.pathmorphing.code.tex)) (Q:\MiKTeX\tex/generic/pgf/frontendlayer/tikz/libraries\tikzlibrarybackgrounds.code.tex
File: tikzlibrarybackgrounds.code.tex 2023-01-15 v3.1.10 (3.1.10)
\pgf@layerbox@background=\box126
\pgf@layerboxsaved@background=\box127
) (Q:\MiKTeX\tex/generic/pgf/frontendlayer/tikz/libraries\tikzlibrarypositioning.code.tex
File: tikzlibrarypositioning.code.tex 2023-01-15 v3.1.10 (3.1.10)
) (Q:\MiKTeX\tex/generic/pgf/frontendlayer/tikz/libraries\tikzlibraryfit.code.tex
File: tikzlibraryfit.code.tex 2023-01-15 v3.1.10 (3.1.10)
) (Q:\MiKTeX\tex/generic/pgf/frontendlayer/tikz/libraries\tikzlibraryshapes.code.tex
File: tikzlibraryshapes.code.tex 2023-01-15 v3.1.10 (3.1.10)
 (Q:\MiKTeX\tex/generic/pgf/frontendlayer/tikz/libraries\tikzlibraryshapes.geometric.code.tex
File: tikzlibraryshapes.geometric.code.tex 2023-01-15 v3.1.10 (3.1.10)
 (Q:\MiKTeX\tex/generic/pgf/libraries/shapes\pgflibraryshapes.geometric.code.tex
File: pgflibraryshapes.geometric.code.tex 2023-01-15 v3.1.10 (3.1.10)
)) (Q:\MiKTeX\tex/generic/pgf/frontendlayer/tikz/libraries\tikzlibraryshapes.misc.code.tex
File: tikzlibraryshapes.misc.code.tex 2023-01-15 v3.1.10 (3.1.10)
 (Q:\MiKTeX\tex/generic/pgf/libraries/shapes\pgflibraryshapes.misc.code.tex
File: pgflibraryshapes.misc.code.tex 2023-01-15 v3.1.10 (3.1.10)
)) (Q:\MiKTeX\tex/generic/pgf/frontendlayer/tikz/libraries\tikzlibraryshapes.symbols.code.tex
File: tikzlibraryshapes.symbols.code.tex 2023-01-15 v3.1.10 (3.1.10)
 (Q:\MiKTeX\tex/generic/pgf/libraries/shapes\pgflibraryshapes.symbols.code.tex
File: pgflibraryshapes.symbols.code.tex 2023-01-15 v3.1.10 (3.1.10)
)) (Q:\MiKTeX\tex/generic/pgf/frontendlayer/tikz/libraries\tikzlibraryshapes.arrows.code.tex
File: tikzlibraryshapes.arrows.code.tex 2023-01-15 v3.1.10 (3.1.10)
 (Q:\MiKTeX\tex/generic/pgf/libraries/shapes\pgflibraryshapes.arrows.code.tex
File: pgflibraryshapes.arrows.code.tex 2023-01-15 v3.1.10 (3.1.10)
)) (Q:\MiKTeX\tex/generic/pgf/frontendlayer/tikz/libraries\tikzlibraryshapes.callouts.code.tex (Q:\MiKTeX\tex/generic/pgf/libraries/shapes\pgflibraryshapes.callouts.code.tex)) (Q:\MiKTeX\tex/generic/pgf/frontendlayer/tikz/libraries\tikzlibraryshapes.multipart.code.tex
File: tikzlibraryshapes.multipart.code.tex 2023-01-15 v3.1.10 (3.1.10)
 (Q:\MiKTeX\tex/generic/pgf/libraries/shapes\pgflibraryshapes.multipart.code.tex
File: pgflibraryshapes.multipart.code.tex 2023-01-15 v3.1.10 (3.1.10)
\pgfnodepartlowerbox=\box128
\pgfnodeparttwobox=\box129
\pgfnodepartthreebox=\box130
\pgfnodepartfourbox=\box131
\pgfnodeparttwentybox=\box132
\pgfnodepartnineteenbox=\box133
\pgfnodeparteighteenbox=\box134
\pgfnodepartseventeenbox=\box135
\pgfnodepartsixteenbox=\box136
\pgfnodepartfifteenbox=\box137
\pgfnodepartfourteenbox=\box138
\pgfnodepartthirteenbox=\box139
\pgfnodeparttwelvebox=\box140
\pgfnodepartelevenbox=\box141
\pgfnodeparttenbox=\box142
\pgfnodepartninebox=\box143
\pgfnodeparteightbox=\box144
\pgfnodepartsevenbox=\box145
\pgfnodepartsixbox=\box146
\pgfnodepartfivebox=\box147
))) (Q:\MiKTeX\tex/generic/pgf/frontendlayer/tikz/libraries\tikzlibrarydecorations.shapes.code.tex (Q:\MiKTeX\tex/generic/pgf/libraries/decorations\pgflibrarydecorations.shapes.code.tex)) (Q:\MiKTeX\tex/generic/pgf/frontendlayer/tikz/libraries\tikzlibrarydecorations.pathreplacing.code.tex (Q:\MiKTeX\tex/generic/pgf/libraries/decorations\pgflibrarydecorations.pathreplacing.code.tex)) (Q:\MiKTeX\tex/generic/pgf/frontendlayer/tikz/libraries\tikzlibrarydecorations.text.code.tex (Q:\MiKTeX\tex/generic/pgf/libraries/decorations\pgflibrarydecorations.text.code.tex
\pgf@lib@dec@text@box=\box148
)
\tikz@lib@dec@te@box=\box149
) (Q:\MiKTeX\tex/latex/circuitikz\circuitikz.sty
Package: circuitikz 2024/02/09{} The CircuiTikz circuit drawing package version 1.6.7
 (Q:\MiKTeX\tex/generic/pgf/libraries\pgflibraryarrows.meta.code.tex
File: pgflibraryarrows.meta.code.tex 2023-01-15 v3.1.10 (3.1.10)
\pgfarrowinset=\dimen318
\pgfarrowlength=\dimen319
\pgfarrowwidth=\dimen320
\pgfarrowlinewidth=\dimen321
) (Q:\MiKTeX\tex/generic/pgf/frontendlayer/tikz/libraries\tikzlibrarybending.code.tex
File: tikzlibrarybending.code.tex 2023-01-15 v3.1.10 (3.1.10)
 (Q:\MiKTeX\tex/generic/pgf/modules\pgfmodulebending.code.tex
File: pgfmodulebending.code.tex 2023-01-15 v3.1.10 (3.1.10)
 (Q:\MiKTeX\tex/generic/pgf/modules\pgfmodulenonlineartransformations.code.tex
File: pgfmodulenonlineartransformations.code.tex 2023-01-15 v3.1.10 (3.1.10)
\pgftransformnonlinearflatness=\dimen322
) (Q:\MiKTeX\tex/generic/pgf/libraries\pgflibrarycurvilinear.code.tex
File: pgflibrarycurvilinear.code.tex 2023-01-15 v3.1.10 (3.1.10)
\pgf@curvilinear@time@a=\dimen323
\pgf@curvilinear@length@a=\dimen324
\pgf@curvilinear@length@b=\dimen325
\pgf@curvilinear@length@c=\dimen326
\pgf@curvilinear@length@d=\dimen327
)
\pgf@arrows@the@rigidity=\dimen328
)) (Q:\MiKTeX\tex/generic/pgf/frontendlayer/tikz/libraries\tikzlibraryfpu.code.tex (Q:\MiKTeX\tex/generic/pgf/libraries\pgflibraryfpu.code.tex)) (Q:\MiKTeX\tex/generic/circuitikz\pgfcirc.defines.tex
\pgf@circ@count@a=\count347
\pgf@circ@count@b=\count348
\pgf@circ@count@c=\count349
\pgf@circ@res@up=\dimen329
\pgf@circ@res@down=\dimen330
\pgf@circ@res@zero=\dimen331
\pgf@circ@res@left=\dimen332
\pgf@circ@res@right=\dimen333
\pgf@circ@res@other=\dimen334
\pgf@circ@res@step=\dimen335
\pgf@circ@res@temp=\dimen336
\pgf@circ@Rlen=\dimen337
\pgf@circ@scaled@Rlen=\dimen338
\pgfstartlinewidth=\dimen339
) (Q:\MiKTeX\tex/generic/circuitikz\pgfcircutils.tex
\ctikz@scratchbox=\box150
) (Q:\MiKTeX\tex/generic/circuitikz\pgfcircpath.tex) (Q:\MiKTeX\tex/generic/circuitikz\pgfcircshapes.tex) (Q:\MiKTeX\tex/generic/circuitikz\pgfcircmonopoles.tex) (Q:\MiKTeX\tex/generic/circuitikz\pgfcircbipoles.tex) (Q:\MiKTeX\tex/generic/circuitikz\pgfcirctripoles.tex
\pgf@circ@res@count=\count350
) (Q:\MiKTeX\tex/generic/circuitikz\pgfcircquadpoles.tex) (Q:\MiKTeX\tex/generic/circuitikz\pgfcircmultipoles.tex) (Q:\MiKTeX\tex/generic/circuitikz\pgfcirclabel.tex) (Q:\MiKTeX\tex/generic/circuitikz\pgfcircvoltage.tex
\pgfcirc@labelshift=\dimen340
) (Q:\MiKTeX\tex/generic/circuitikz\pgfcirccurrent.tex) (Q:\MiKTeX\tex/generic/circuitikz\pgfcircflow.tex)) (Q:\MiKTeX\tex/latex/pgfplots\pgfplots.sty (Q:\MiKTeX\tex/generic/pgfplots\pgfplots.revision.tex)
Package: pgfplots 2021/05/15 v1.18.1 Data Visualization (1.18.1)
 (Q:\MiKTeX\tex/generic/pgfplots\pgfplots.code.tex (Q:\MiKTeX\tex/generic/pgfplots\pgfplotscore.code.tex
\t@pgfplots@toka=\toks55
\t@pgfplots@tokb=\toks56
\t@pgfplots@tokc=\toks57
\pgfplots@tmpa=\dimen341
\c@pgfplots@coordindex=\count351
\c@pgfplots@scanlineindex=\count352
 (Q:\MiKTeX\tex/generic/pgfplots/sys\pgfplotssysgeneric.code.tex)) (Q:\MiKTeX\tex/generic/pgfplots/libs\pgfplotslibrary.code.tex) (Q:\MiKTeX\tex/generic/pgfplots/oldpgfcompatib\pgfplotsoldpgfsupp_loader.code.tex
Package pgfplots: loading complementary utilities for your pgf version...
\t@pgf@toka=\toks58
\t@pgf@tokb=\toks59
\t@pgf@tokc=\toks60
(Q:\MiKTeX\tex/generic/pgfplots/oldpgfcompatib\pgfplotsoldpgfsupp_pgfutil-common-lists.tex)) (Q:\MiKTeX\tex/generic/pgfplots/util\pgfplotsutil.code.tex (Q:\MiKTeX\tex/generic/pgfplots/liststructure\pgfplotsliststructure.code.tex) (Q:\MiKTeX\tex/generic/pgfplots/liststructure\pgfplotsliststructureext.code.tex) (Q:\MiKTeX\tex/generic/pgfplots/liststructure\pgfplotsarray.code.tex
\c@pgfplotsarray@tmp=\count353
) (Q:\MiKTeX\tex/generic/pgfplots/liststructure\pgfplotsmatrix.code.tex) (Q:\MiKTeX\tex/generic/pgfplots/numtable\pgfplotstableshared.code.tex
\c@pgfplotstable@counta=\count354
\t@pgfplotstable@a=\toks61
) (Q:\MiKTeX\tex/generic/pgfplots/liststructure\pgfplotsdeque.code.tex) (Q:\MiKTeX\tex/generic/pgfplots/util\pgfplotsbinary.code.tex (Q:\MiKTeX\tex/generic/pgfplots/util\pgfplotsbinary.data.code.tex)) (Q:\MiKTeX\tex/generic/pgfplots/util\pgfplotsutil.verb.code.tex) (Q:\MiKTeX\tex/generic/pgfplots/libs\pgflibrarypgfplots.surfshading.code.tex
\c@pgfplotslibrarysurf@no=\count355
 (Q:\MiKTeX\tex/generic/pgfplots/sys\pgflibrarypgfplots.surfshading.pgfsys-pdftex.def))) (Q:\MiKTeX\tex/generic/pgfplots/util\pgfplotscolormap.code.tex (Q:\MiKTeX\tex/generic/pgfplots/util\pgfplotscolor.code.tex)) (Q:\MiKTeX\tex/generic/pgfplots\pgfplotsstackedplots.code.tex) (Q:\MiKTeX\tex/generic/pgfplots\pgfplotsplothandlers.code.tex (Q:\MiKTeX\tex/generic/pgfplots\pgfplotsmeshplothandler.code.tex (Q:\MiKTeX\tex/generic/pgfplots\pgfplotsmeshplotimage.code.tex))) (Q:\MiKTeX\tex/generic/pgfplots\pgfplots.scaling.code.tex) (Q:\MiKTeX\tex/generic/pgfplots\pgfplotscoordprocessing.code.tex) (Q:\MiKTeX\tex/generic/pgfplots\pgfplots.errorbars.code.tex) (Q:\MiKTeX\tex/generic/pgfplots\pgfplots.markers.code.tex) (Q:\MiKTeX\tex/generic/pgfplots\pgfplotsticks.code.tex) (Q:\MiKTeX\tex/generic/pgfplots\pgfplots.paths.code.tex) (Q:\MiKTeX\tex/generic/pgfplots/libs\tikzlibrarypgfplots.contourlua.code.tex)
\pgfplots@numplots=\count356
\pgfplots@xmin@reg=\dimen342
\pgfplots@xmax@reg=\dimen343
\pgfplots@ymin@reg=\dimen344
\pgfplots@ymax@reg=\dimen345
\pgfplots@zmin@reg=\dimen346
\pgfplots@zmax@reg=\dimen347
) (Q:\MiKTeX\tex/generic/pgf/frontendlayer/tikz/libraries\tikzlibraryplotmarks.code.tex
File: tikzlibraryplotmarks.code.tex 2023-01-15 v3.1.10 (3.1.10)
 (Q:\MiKTeX\tex/generic/pgf/libraries\pgflibraryplotmarks.code.tex
File: pgflibraryplotmarks.code.tex 2023-01-15 v3.1.10 (3.1.10)
))) (Q:\MiKTeX\tex/latex/titlesec\titlesec.sty
Package: titlesec 2023/10/27 v2.16 Sectioning titles
\ttl@box=\box151
\beforetitleunit=\skip100
\aftertitleunit=\skip101
\ttl@plus=\dimen348
\ttl@minus=\dimen349
\ttl@toksa=\toks62
\titlewidth=\dimen350
\titlewidthlast=\dimen351
\titlewidthfirst=\dimen352
) (Q:\MiKTeX\tex/latex/caption\caption.sty
Package: caption 2023/08/05 v3.6o Customizing captions (AR)
 (Q:\MiKTeX\tex/latex/caption\caption3.sty
Package: caption3 2023/07/31 v2.4d caption3 kernel (AR)
\caption@tempdima=\dimen353
\captionmargin=\dimen354
\caption@leftmargin=\dimen355
\caption@rightmargin=\dimen356
\caption@width=\dimen357
\caption@indent=\dimen358
\caption@parindent=\dimen359
\caption@hangindent=\dimen360
Package caption Info: Standard document class detected.
)
\c@caption@flags=\count357
\c@continuedfloat=\count358
Package caption Info: float package is loaded.
Package caption Info: longtable package is loaded.
 (Q:\MiKTeX\tex/latex/caption\ltcaption.sty
Package: ltcaption 2021/01/08 v1.4c longtable captions (AR)
)
Package caption Info: rotating package is loaded.
) (Q:\MiKTeX\tex/latex/subfigure\subfigure.sty
Package: subfigure 2002/07/30 v2.1.4 subfigure package
\subfigtopskip=\skip102
\subfigcapskip=\skip103
\subfigcaptopadj=\dimen361
\subfigbottomskip=\skip104
\subfigcapmargin=\dimen362
\subfiglabelskip=\skip105
\c@subfigure=\count359
\c@lofdepth=\count360
\c@subtable=\count361
\c@lotdepth=\count362

****************************************
* Local config file subfigure.cfg used *
****************************************
(Q:\MiKTeX\tex/latex/subfigure\subfigure.cfg)
\subfig@top=\skip106
\subfig@bottom=\skip107
) (Q:\MiKTeX\tex/latex/titlesec\titletoc.sty
Package: titletoc 2023/10/27 v2.16 TOC entries
\ttl@leftsep=\dimen363
) (Q:\MiKTeX\tex/latex/tocloft\tocloft.sty
Package: tocloft 2017/08/31 v2.3i parameterised ToC, etc., typesetting
Package tocloft Info: The document has chapter divisions on input line 51.
\cftparskip=\skip108
\cftbeforetoctitleskip=\skip109
\cftaftertoctitleskip=\skip110
\cftbeforepartskip=\skip111
\cftpartnumwidth=\skip112
\cftpartindent=\skip113
\cftbeforechapskip=\skip114
\cftchapindent=\skip115
\cftchapnumwidth=\skip116
\cftbeforesecskip=\skip117
\cftsecindent=\skip118
\cftsecnumwidth=\skip119
\cftbeforesubsecskip=\skip120
\cftsubsecindent=\skip121
\cftsubsecnumwidth=\skip122
\cftbeforesubsubsecskip=\skip123
\cftsubsubsecindent=\skip124
\cftsubsubsecnumwidth=\skip125
\cftbeforeparaskip=\skip126
\cftparaindent=\skip127
\cftparanumwidth=\skip128
\cftbeforesubparaskip=\skip129
\cftsubparaindent=\skip130
\cftsubparanumwidth=\skip131
\cftbeforeloftitleskip=\skip132
\cftafterloftitleskip=\skip133
\cftbeforefigskip=\skip134
\cftfigindent=\skip135
\cftfignumwidth=\skip136
\cftbeforelottitleskip=\skip137
\cftafterlottitleskip=\skip138
\cftbeforetabskip=\skip139
\cfttabindent=\skip140
\cfttabnumwidth=\skip141
\cftbeforesubfigskip=\skip142
\cftsubfigindent=\skip143
\cftsubfignumwidth=\skip144
\cftbeforesubtabskip=\skip145
\cftsubtabindent=\skip146
\cftsubtabnumwidth=\skip147
)
\c@definition=\count363
\c@theorem=\count364
\c@lemma=\count365
 (Q:\MiKTeX\tex/latex/hyperref\hyperref.sty
Package: hyperref 2023-11-26 v7.01g Hypertext links for LaTeX
 (Q:\MiKTeX\tex/generic/infwarerr\infwarerr.sty
Package: infwarerr 2019/12/03 v1.5 Providing info/warning/error messages (HO)
) (Q:\MiKTeX\tex/latex/kvsetkeys\kvsetkeys.sty
Package: kvsetkeys 2022-10-05 v1.19 Key value parser (HO)
) (Q:\MiKTeX\tex/generic/kvdefinekeys\kvdefinekeys.sty
Package: kvdefinekeys 2019-12-19 v1.6 Define keys (HO)
) (Q:\MiKTeX\tex/generic/pdfescape\pdfescape.sty
Package: pdfescape 2019/12/09 v1.15 Implements pdfTeX's escape features (HO)
 (Q:\MiKTeX\tex/generic/ltxcmds\ltxcmds.sty
Package: ltxcmds 2023-12-04 v1.26 LaTeX kernel commands for general use (HO)
) (Q:\MiKTeX\tex/generic/pdftexcmds\pdftexcmds.sty
Package: pdftexcmds 2020-06-27 v0.33 Utility functions of pdfTeX for LuaTeX (HO)
Package pdftexcmds Info: \pdf@primitive is available.
Package pdftexcmds Info: \pdf@ifprimitive is available.
Package pdftexcmds Info: \pdfdraftmode found.
)) (Q:\MiKTeX\tex/latex/hycolor\hycolor.sty
Package: hycolor 2020-01-27 v1.10 Color options for hyperref/bookmark (HO)
) (Q:\MiKTeX\tex/latex/letltxmacro\letltxmacro.sty
Package: letltxmacro 2019/12/03 v1.6 Let assignment for LaTeX macros (HO)
) (Q:\MiKTeX\tex/latex/auxhook\auxhook.sty
Package: auxhook 2019-12-17 v1.6 Hooks for auxiliary files (HO)
) (Q:\MiKTeX\tex/latex/hyperref\nameref.sty
Package: nameref 2023-11-26 v2.56 Cross-referencing by name of section
 (Q:\MiKTeX\tex/latex/refcount\refcount.sty
Package: refcount 2019/12/15 v3.6 Data extraction from label references (HO)
) (Q:\MiKTeX\tex/generic/gettitlestring\gettitlestring.sty
Package: gettitlestring 2019/12/15 v1.6 Cleanup title references (HO)
 (Q:\MiKTeX\tex/latex/kvoptions\kvoptions.sty
Package: kvoptions 2022-06-15 v3.15 Key value format for package options (HO)
))
\c@section@level=\count366
)
\@linkdim=\dimen364
\Hy@linkcounter=\count367
\Hy@pagecounter=\count368
 (Q:\MiKTeX\tex/latex/hyperref\pd1enc.def
File: pd1enc.def 2023-11-26 v7.01g Hyperref: PDFDocEncoding definition (HO)
Now handling font encoding PD1 ...
... no UTF-8 mapping file for font encoding PD1
) (Q:\MiKTeX\tex/generic/intcalc\intcalc.sty
Package: intcalc 2019/12/15 v1.3 Expandable calculations with integers (HO)
)
\Hy@SavedSpaceFactor=\count369
 (Q:\MiKTeX\tex/latex/hyperref\puenc.def
File: puenc.def 2023-11-26 v7.01g Hyperref: PDF Unicode definition (HO)
Now handling font encoding PU ...
... no UTF-8 mapping file for font encoding PU
)
Package hyperref Info: Option `unicode' set `true' on input line 4064.
Package hyperref Info: Hyper figures OFF on input line 4181.
Package hyperref Info: Link nesting OFF on input line 4186.
Package hyperref Info: Hyper index ON on input line 4189.
Package hyperref Info: Plain pages OFF on input line 4196.
Package hyperref Info: Backreferencing OFF on input line 4201.
Package hyperref Info: Implicit mode ON; LaTeX internals redefined.
Package hyperref Info: Bookmarks ON on input line 4448.
\c@Hy@tempcnt=\count370
 (Q:\MiKTeX\tex/latex/url\url.sty
\Urlmuskip=\muskip17
Package: url 2013/09/16  ver 3.4  Verb mode for urls, etc.
)
LaTeX Info: Redefining \url on input line 4786.
\XeTeXLinkMargin=\dimen365
 (Q:\MiKTeX\tex/generic/bitset\bitset.sty
Package: bitset 2019/12/09 v1.3 Handle bit-vector datatype (HO)
 (Q:\MiKTeX\tex/generic/bigintcalc\bigintcalc.sty
Package: bigintcalc 2019/12/15 v1.5 Expandable calculations on big integers (HO)
))
\Fld@menulength=\count371
\Field@Width=\dimen366
\Fld@charsize=\dimen367
Package hyperref Info: Hyper figures OFF on input line 6065.
Package hyperref Info: Link nesting OFF on input line 6070.
Package hyperref Info: Hyper index ON on input line 6073.
Package hyperref Info: backreferencing OFF on input line 6080.
Package hyperref Info: Link coloring OFF on input line 6085.
Package hyperref Info: Link coloring with OCG OFF on input line 6090.
Package hyperref Info: PDF/A mode OFF on input line 6095.
 (Q:\MiKTeX\tex/latex/base\atbegshi-ltx.sty
Package: atbegshi-ltx 2021/01/10 v1.0c Emulation of the original atbegshi
package with kernel methods
)
\Hy@abspage=\count372
\c@Item=\count373
\c@Hfootnote=\count374
)
Package hyperref Info: Driver (autodetected): hpdftex.
 (Q:\MiKTeX\tex/latex/hyperref\hpdftex.def
File: hpdftex.def 2023-11-26 v7.01g Hyperref driver for pdfTeX
 (Q:\MiKTeX\tex/latex/base\atveryend-ltx.sty
Package: atveryend-ltx 2020/08/19 v1.0a Emulation of the original atveryend package
with kernel methods
)
\Fld@listcount=\count375
\c@bookmark@seq@number=\count376
 (Q:\MiKTeX\tex/latex/rerunfilecheck\rerunfilecheck.sty
Package: rerunfilecheck 2022-07-10 v1.10 Rerun checks for auxiliary files (HO)
 (Q:\MiKTeX\tex/generic/uniquecounter\uniquecounter.sty
Package: uniquecounter 2019/12/15 v1.4 Provide unlimited unique counter (HO)
)
Package uniquecounter Info: New unique counter `rerunfilecheck' on input line 285.
)
\Hy@SectionHShift=\skip148
) (main.aux)
\openout1 = `main.aux'.

LaTeX Font Info:    Checking defaults for OML/cmm/m/it on input line 109.
LaTeX Font Info:    ... okay on input line 109.
LaTeX Font Info:    Checking defaults for OMS/cmsy/m/n on input line 109.
LaTeX Font Info:    ... okay on input line 109.
LaTeX Font Info:    Checking defaults for OT1/cmr/m/n on input line 109.
LaTeX Font Info:    ... okay on input line 109.
LaTeX Font Info:    Checking defaults for T1/cmr/m/n on input line 109.
LaTeX Font Info:    ... okay on input line 109.
LaTeX Font Info:    Checking defaults for TS1/cmr/m/n on input line 109.
LaTeX Font Info:    ... okay on input line 109.
LaTeX Font Info:    Checking defaults for OMX/cmex/m/n on input line 109.
LaTeX Font Info:    ... okay on input line 109.
LaTeX Font Info:    Checking defaults for U/cmr/m/n on input line 109.
LaTeX Font Info:    ... okay on input line 109.
LaTeX Font Info:    Checking defaults for T5/cmr/m/n on input line 109.
LaTeX Font Info:    Trying to load font information for T5+cmr on input line 109.
 (Q:\MiKTeX\tex/latex/vntex\t5cmr.fd
File: t5cmr.fd 1999/05/25 v2.5h Standard LaTeX font definitions
)
LaTeX Font Info:    ... okay on input line 109.
LaTeX Font Info:    Checking defaults for PD1/pdf/m/n on input line 109.
LaTeX Font Info:    ... okay on input line 109.
LaTeX Font Info:    Checking defaults for PU/pdf/m/n on input line 109.
LaTeX Font Info:    ... okay on input line 109.
 (Q:\MiKTeX\tex/context/base/mkii\supp-pdf.mkii
[Loading MPS to PDF converter (version 2006.09.02).]
\scratchcounter=\count377
\scratchdimen=\dimen368
\scratchbox=\box152
\nofMPsegments=\count378
\nofMParguments=\count379
\everyMPshowfont=\toks63
\MPscratchCnt=\count380
\MPscratchDim=\dimen369
\MPnumerator=\count381
\makeMPintoPDFobject=\count382
\everyMPtoPDFconversion=\toks64
) (Q:\MiKTeX\tex/latex/epstopdf-pkg\epstopdf-base.sty
Package: epstopdf-base 2020-01-24 v2.11 Base part for package epstopdf
Package epstopdf-base Info: Redefining graphics rule for `.eps' on input line 485.
 (Q:\MiKTeX\tex/latex/00miktex\epstopdf-sys.cfg
File: epstopdf-sys.cfg 2021/03/18 v2.0 Configuration of epstopdf for MiKTeX
))
*geometry* driver: auto-detecting
*geometry* detected driver: pdftex
*geometry* verbose mode - [ preamble ] result:
* driver: pdftex
* paper: a4paper
* layout: <same size as paper>
* layoutoffset:(h,v)=(0.0pt,0.0pt)
* modes: 
* h-part:(L,W,R)=(85.35826pt, 455.24411pt, 56.9055pt)
* v-part:(T,H,B)=(71.13188pt, 688.5567pt, 85.35826pt)
* \paperwidth=597.50787pt
* \paperheight=845.04684pt
* \textwidth=455.24411pt
* \textheight=688.5567pt
* \oddsidemargin=13.08827pt
* \evensidemargin=13.08827pt
* \topmargin=-33.0119pt
* \headheight=12.0pt
* \headsep=19.8738pt
* \topskip=12.0pt
* \footskip=40.0pt
* \marginparwidth=38.0pt
* \marginparsep=7.0pt
* \columnsep=10.0pt
* \skip\footins=10.8pt plus 4.0pt minus 2.0pt
* \hoffset=0.0pt
* \voffset=0.0pt
* \mag=1000
* \@twocolumnfalse
* \@twosidefalse
* \@mparswitchfalse
* \@reversemarginfalse
* (1in=72.27pt=25.4mm, 1cm=28.453pt)

\c@maskedRefs=\count383
(Q:\MiKTeX\tex/latex/apacite\english.apc
File: english.apc 2013/07/21 v6.03 apacite language file
LaTeX Info: Redefining \BPBI on input line 129.
LaTeX Info: Redefining \BHBI on input line 130.
)
Package pgfplots notification 'compat/show suggested version=true': you might benefit from \pgfplotsset{compat=1.18} (current compat level: 1.16).

Package caption Info: Begin \AtBeginDocument code.
Package caption Info: hyperref package is loaded.
Package caption Info: subfigure package is loaded.
Package caption Info: End \AtBeginDocument code.
Package hyperref Info: Link coloring OFF on input line 109.
(main.out) (main.out)
\@outlinefile=\write4
\openout4 = `main.out'.

 (cover/Biangoai.tex
<figures/UET_logo.jpg, id=142, 411.5375pt x 411.5375pt>
File: figures/UET_logo.jpg Graphic file (type jpg)
<use figures/UET_logo.jpg>
Package pdftex.def Info: figures/UET_logo.jpg  used on input line 19.
(pdftex.def)             Requested size: 91.04742pt x 91.04716pt.
 [1


{C:/Users/ADMIN/AppData/Local/MiKTeX/fonts/map/pdftex/pdftex.map}{Q:/MiKTeX/fonts/enc/dvips/vntex/t5.enc} <./figures/UET_logo.jpg>]) (cover/Biatrong.tex (Q:\MiKTeX\tex/latex/base\ulasy.fd) (Q:\MiKTeX\tex/latex/amsfonts\umsa.fd) (Q:\MiKTeX\tex/latex/amsfonts\umsb.fd)
Underfull \hbox (badness 10000) in alignment at lines 37--37
[][] 
 []

) [1] (cover/tomtat.tex)
pdfTeX warning (ext4): destination with the same identifier (name{page.}) has been already used, duplicate ignored
<to be read again> 
                   \relax 
l.127 \newpage
               [1


] (main.toc
Underfull \vbox (badness 2359) has occurred while \output is active []

 [1

])
\tf@toc=\write5
\openout5 = `main.toc'.

 [2] (main.lof
Underfull \vbox (badness 1975) has occurred while \output is active []

 [3


])
\tf@lof=\write6
\openout6 = `main.lof'.

 [4] (main.lot)
\tf@lot=\write7
\openout7 = `main.lot'.

 [5

] (cover/vietat.tex
LaTeX Font Info:    External font `cmex7' loaded for size
(Font)              <6> on input line 21.
LaTeX Font Info:    Trying to load font information for U+eus on input line 31.
 (Q:\MiKTeX\tex/latex/amsfonts\ueus.fd
File: ueus.fd 2013/01/14 v3.01 Euler Script
) [6


] [7]) [8] (chapter/Chap1_Background.tex
Ch\uhorn \ohorn ng 1.

pdfTeX warning (ext4): destination with the same identifier (name{page.1}) has been already used, duplicate ignored
<to be read again> 
                   \relax 
l.26 
      [1


]
<figures/convlayer.pdf, id=351, 470.75874pt x 145.54375pt>
File: figures/convlayer.pdf Graphic file (type pdf)
<use figures/convlayer.pdf>
Package pdftex.def Info: figures/convlayer.pdf  used on input line 44.
(pdftex.def)             Requested size: 364.19667pt x 112.5998pt.
 [2]) [3 <./figures/convlayer.pdf>] (chapter/Chap2_Method.tex
Ch\uhorn \ohorn ng 2.

LaTeX Font Warning: Font shape `OT1/cmr/bx/n' in size <13> not available
(Font)              size <12> substituted on input line 13.


LaTeX Font Warning: Font shape `OT1/cmr/bx/n' in size <6.5> not available
(Font)              size <6> substituted on input line 13.


Package natbib Warning: Citation `Kavitha2015' on page 4 undefined on input line 28.


Package natbib Warning: Citation `Bloessl2013' on page 4 undefined on input line 29.

[4


]
<figures/GNURadio1.png, id=379, 1331.97626pt x 656.4525pt>
File: figures/GNURadio1.png Graphic file (type png)
<use figures/GNURadio1.png>
Package pdftex.def Info: figures/GNURadio1.png  used on input line 60.
(pdftex.def)             Requested size: 455.24411pt x 224.36284pt.
 [5 <./figures/GNURadio1.png>]
<figures/SWIG.png, id=387, 516.42938pt x 357.58594pt>
File: figures/SWIG.png Graphic file (type png)
<use figures/SWIG.png>
Package pdftex.def Info: figures/SWIG.png  used on input line 69.
(pdftex.def)             Requested size: 409.71692pt x 283.70654pt.
<figures/colormapping.png, id=390, 414.79968pt x 134.00063pt>
File: figures/colormapping.png Graphic file (type png)
<use figures/colormapping.png>
Package pdftex.def Info: figures/colormapping.png  used on input line 79.
(pdftex.def)             Requested size: 409.71692pt x 132.36247pt.
<figures/streamdata.png, id=391, 691.83469pt x 159.59625pt>
File: figures/streamdata.png Graphic file (type png)
<use figures/streamdata.png>
Package pdftex.def Info: figures/streamdata.png  used on input line 81.
(pdftex.def)             Requested size: 409.71692pt x 94.5165pt.


LaTeX Warning: `!h' float specifier changed to `!ht'.


LaTeX Warning: `!h' float specifier changed to `!ht'.

[6 <./figures/SWIG.png>]
<figures/structSDR.png, id=400, 513.41812pt x 280.79906pt>
File: figures/structSDR.png Graphic file (type png)
<use figures/structSDR.png>
Package pdftex.def Info: figures/structSDR.png  used on input line 127.
(pdftex.def)             Requested size: 455.24411pt x 248.9849pt.


Package natbib Warning: Citation `Bergstrom2002' on page 7 undefined on input line 132.


Package natbib Warning: Citation `VanRijsbergen' on page 7 undefined on input line 132.


Package natbib Warning: Citation `Gomez-Miguelez2016' on page 7 undefined on input line 132.


Underfull \vbox (badness 10000) has occurred while \output is active []

 [7 <./figures/colormapping.png> <./figures/streamdata.png>]

Package natbib Warning: Citation `Fakhrian2012' on page 8 undefined on input line 134.


Package natbib Warning: Citation `Feickert2005' on page 8 undefined on input line 134.

<figures/commonSDR.png, id=406, 807.015pt x 1055.945pt>
File: figures/commonSDR.png Graphic file (type png)
<use figures/commonSDR.png>
Package pdftex.def Info: figures/commonSDR.png  used on input line 138.
(pdftex.def)             Requested size: 227.62206pt x 297.83775pt.

Underfull \vbox (badness 1286) has occurred while \output is active []

 [8 <./figures/structSDR.png>]
<figures/structbladeRF.png, id=415, 698.61pt x 331.2375pt>
File: figures/structbladeRF.png Graphic file (type png)
<use figures/structbladeRF.png>
Package pdftex.def Info: figures/structbladeRF.png  used on input line 230.
(pdftex.def)             Requested size: 455.24411pt x 215.85272pt.
 [9 <./figures/commonSDR.png>] [10 <./figures/structbladeRF.png>]
Overfull \hbox (6.10986pt too wide) in paragraph at lines 240--241
[]\T5/ptm/m/n/13 Silicon Labs Si5338 Clock Gen-er-a-tor: b to xung ^^_ng h chun cho ton BladeRF,
 []

<figures/IQsample.png, id=428, 420.82219pt x 155.83218pt>
File: figures/IQsample.png Graphic file (type png)
<use figures/IQsample.png>
Package pdftex.def Info: figures/IQsample.png  used on input line 252.
(pdftex.def)             Requested size: 455.24411pt x 168.58159pt.
[11 <./figures/IQsample.png>] [12]
<figures/pythonblock.jpg, id=440, 576.65437pt x 431.36156pt>
File: figures/pythonblock.jpg Graphic file (type jpg)
<use figures/pythonblock.jpg>
Package pdftex.def Info: figures/pythonblock.jpg  used on input line 261.
(pdftex.def)             Requested size: 223.07211pt x 166.86784pt.
<figures/pythonblock2.jpg, id=441, 576.65437pt x 431.36156pt>
File: figures/pythonblock2.jpg Graphic file (type jpg)
<use figures/pythonblock2.jpg>
Package pdftex.def Info: figures/pythonblock2.jpg  used on input line 263.
(pdftex.def)             Requested size: 223.07211pt x 166.86784pt.
<figures/grmodtool.jpg, id=443, 550.30594pt x 275.52937pt>
File: figures/grmodtool.jpg Graphic file (type jpg)
<use figures/grmodtool.jpg>
Package pdftex.def Info: figures/grmodtool.jpg  used on input line 273.
(pdftex.def)             Requested size: 455.24411pt x 227.94095pt.
 [13 <./figures/pythonblock.jpg> <./figures/pythonblock2.jpg> <./figures/grmodtool.jpg>]

Package natbib Warning: Citation `kerberos' on page 14 undefined on input line 308.


Package natbib Warning: Citation `multi-rtl' on page 14 undefined on input line 308.


Package natbib Warning: Citation `TravisFCollins' on page 14 undefined on input line 311.


Overfull \hbox (42.56863pt too wide) in paragraph at lines 302--315
 [][] 
 []

[14] [15]
<figures/clk.jpg, id=465, 1035.87pt x 732.7375pt>
File: figures/clk.jpg Graphic file (type jpg)
<use figures/clk.jpg>
Package pdftex.def Info: figures/clk.jpg  used on input line 329.
(pdftex.def)             Requested size: 318.66948pt x 225.41327pt.
<figures/shareclk.jpg, id=466, 1703.36375pt x 1298.8525pt>
File: figures/shareclk.jpg Graphic file (type jpg)
<use figures/shareclk.jpg>
Package pdftex.def Info: figures/shareclk.jpg  used on input line 335.
(pdftex.def)             Requested size: 318.66948pt x 242.97931pt.


LaTeX Warning: `!h' float specifier changed to `!ht'.

[16 <./figures/clk.jpg>]

Package natbib Warning: Citation `kali' on page 17 undefined on input line 351.

<figures/freqcal.png, id=474, 734.745pt x 483.8075pt>
File: figures/freqcal.png Graphic file (type png)
<use figures/freqcal.png>
Package pdftex.def Info: figures/freqcal.png  used on input line 354.
(pdftex.def)             Requested size: 386.96027pt x 254.8074pt.

LaTeX Warning: `!h' float specifier changed to `!ht'.

<figures/freqanly.png, id=475, 803.0pt x 602.25pt>
File: figures/freqanly.png Graphic file (type png)
<use figures/freqanly.png>
Package pdftex.def Info: figures/freqanly.png  used on input line 363.
(pdftex.def)             Requested size: 386.96027pt x 290.2254pt.
[17 <./figures/shareclk.jpg>] [18 <./figures/freqcal.png> <./figures/freqanly.png>]

Package natbib Warning: Citation `Dccali' on page 19 undefined on input line 374.


Package natbib Warning: Citation `Bracewell1978' on page 19 undefined on input line 382.

<figures/xcorr.png, id=487, 434.37282pt x 319.1925pt>
File: figures/xcorr.png Graphic file (type png)
<use figures/xcorr.png>
Package pdftex.def Info: figures/xcorr.png  used on input line 399.
(pdftex.def)             Requested size: 364.19667pt x 267.63768pt.

LaTeX Warning: `!h' float specifier changed to `!ht'.


Package natbib Warning: Citation `Nentwig2016' on page 19 undefined on input line 404.

[19]
<figures/fft.png, id=499, 706.13812pt x 353.06906pt>
File: figures/fft.png Graphic file (type png)
<use figures/fft.png>
Package pdftex.def Info: figures/fft.png  used on input line 416.
(pdftex.def)             Requested size: 455.24411pt x 227.62274pt.
<figures/dvb-t2.png, id=500, 1280.785pt x 680.5425pt>
File: figures/dvb-t2.png Graphic file (type png)
<use figures/dvb-t2.png>
Package pdftex.def Info: figures/dvb-t2.png  used on input line 418.
(pdftex.def)             Requested size: 455.24411pt x 241.89023pt.


LaTeX Warning: `!h' float specifier changed to `!ht'.

<figures/sample_offset.png, id=503, 517.935pt x 218.8175pt>
File: figures/sample_offset.png Graphic file (type png)
<use figures/sample_offset.png>
Package pdftex.def Info: figures/sample_offset.png  used on input line 427.
(pdftex.def)             Requested size: 273.14923pt x 115.4051pt.
LaTeX Font Info:    External font `cmex7' loaded for size
(Font)              <7> on input line 427.
LaTeX Font Info:    External font `cmex7' loaded for size
(Font)              <5> on input line 427.
<figures/sample_offset_fb.png, id=504, 302.12875pt x 175.65625pt>
File: figures/sample_offset_fb.png Graphic file (type png)
<use figures/sample_offset_fb.png>
Package pdftex.def Info: figures/sample_offset_fb.png  used on input line 429.
(pdftex.def)             Requested size: 159.33821pt x 92.63902pt.

LaTeX Warning: `!h' float specifier changed to `!ht'.

[20 <./figures/xcorr.png>]
Underfull \vbox (badness 5217) has occurred while \output is active []

 [21 <./figures/fft.png> <./figures/dvb-t2.png>]

Package natbib Warning: Citation `Whiting2018' on page 22 undefined on input line 449.

[22 <./figures/sample_offset.png> <./figures/sample_offset_fb.png>]
<figures/phasediff.png, id=529, 1066.98625pt x 406.51875pt>
File: figures/phasediff.png Graphic file (type png)
<use figures/phasediff.png>
Package pdftex.def Info: figures/phasediff.png  used on input line 459.
(pdftex.def)             Requested size: 455.24411pt x 173.4474pt.
<figures/nonshift.png, id=530, 1304.875pt x 722.7pt>
File: figures/nonshift.png Graphic file (type png)
<use figures/nonshift.png>
Package pdftex.def Info: figures/nonshift.png  used on input line 469.
(pdftex.def)             Requested size: 364.19667pt x 201.704pt.
<figures/shifted.png, id=531, 1298.8525pt x 722.7pt>
File: figures/shifted.png Graphic file (type png)
<use figures/shifted.png>
Package pdftex.def Info: figures/shifted.png  used on input line 471.
(pdftex.def)             Requested size: 364.19667pt x 202.64133pt.
<figures/DOA_sync.png, id=532, 1175.39125pt x 674.52pt>
File: figures/DOA_sync.png Graphic file (type png)
<use figures/DOA_sync.png>
Package pdftex.def Info: figures/DOA_sync.png  used on input line 475.
(pdftex.def)             Requested size: 364.19667pt x 208.99611pt.


LaTeX Warning: Float too large for page by 27.01775pt on input line 477.

) [23 <./figures/phasediff.png>] [24 <./figures/nonshift.png> <./figures/shifted.png> <./figures/DOA_sync.png>] (chapter/Chap3_Main.tex
Ch\uhorn \ohorn ng 3.
<figures/simulation.png, id=549, 425.33907pt x 306.39468pt>
File: figures/simulation.png Graphic file (type png)
<use figures/simulation.png>
Package pdftex.def Info: figures/simulation.png  used on input line 64.
(pdftex.def)             Requested size: 364.19667pt x 262.36288pt.
[25



]
<figures/simulation3.png, id=564, 642.4pt x 548.0475pt>
File: figures/simulation3.png Graphic file (type png)
<use figures/simulation3.png>
Package pdftex.def Info: figures/simulation3.png  used on input line 72.
(pdftex.def)             Requested size: 223.07211pt x 190.30588pt.
<figures/simulation4.png, id=565, 642.4pt x 548.0475pt>
File: figures/simulation4.png Graphic file (type png)
<use figures/simulation4.png>
Package pdftex.def Info: figures/simulation4.png  used on input line 74.
(pdftex.def)             Requested size: 223.07211pt x 190.30588pt.


LaTeX Warning: `!h' float specifier changed to `!ht'.


Package natbib Warning: Citation `Transactions1989' on page 26 undefined on input line 80.


Package natbib Warning: Citation `Quynh2015' on page 26 undefined on input line 80.


Underfull \vbox (badness 10000) has occurred while \output is active []

 [26 <./figures/simulation.png>]
<figures/CRB.png, id=574, 472.01344pt x 350.81062pt>
File: figures/CRB.png Graphic file (type png)
<use figures/CRB.png>
Package pdftex.def Info: figures/CRB.png  used on input line 94.
(pdftex.def)             Requested size: 291.35594pt x 216.5475pt.
 [27 <./figures/simulation3.png> <./figures/simulation4.png> <./figures/CRB.png>] [28]
<figures/kqnbfm.png, id=593, 849.1725pt x 429.10312pt>
File: figures/kqnbfm.png Graphic file (type png)
<use figures/kqnbfm.png>
Package pdftex.def Info: figures/kqnbfm.png  used on input line 159.
(pdftex.def)             Requested size: 455.24411pt x 230.04259pt.
 [29 <./figures/kqnbfm.png>]
<figures/nbfmspectrum.png, id=601, 916.92563pt x 493.845pt>
File: figures/nbfmspectrum.png Graphic file (type png)
<use figures/nbfmspectrum.png>
Package pdftex.def Info: figures/nbfmspectrum.png  used on input line 179.
(pdftex.def)             Requested size: 455.24411pt x 245.18872pt.
<figures/realsys.jpg, id=605, 2007.5pt x 868.24374pt>
File: figures/realsys.jpg Graphic file (type jpg)
<use figures/realsys.jpg>
Package pdftex.def Info: figures/realsys.jpg  used on input line 192.
(pdftex.def)             Requested size: 455.24411pt x 196.88321pt.

Underfull \vbox (badness 10000) has occurred while \output is active []

 [30 <./figures/nbfmspectrum.png>] [31 <./figures/realsys.jpg>]
<figures/kqsync.png, id=616, 1262.7175pt x 536.0025pt>
File: figures/kqsync.png Graphic file (type png)
<use figures/kqsync.png>
Package pdftex.def Info: figures/kqsync.png  used on input line 227.
(pdftex.def)             Requested size: 455.24411pt x 193.24701pt.
<figures/simukq.png, id=618, 948.54375pt x 514.92375pt>
File: figures/simukq.png Graphic file (type png)
<use figures/simukq.png>
Package pdftex.def Info: figures/simukq.png  used on input line 242.
(pdftex.def)             Requested size: 455.24411pt x 247.12915pt.


LaTeX Warning: `!h' float specifier changed to `!ht'.

[32 <./figures/kqsync.png>]
<figures/kqreal.png, id=625, 1265.72874pt x 692.5875pt>
File: figures/kqreal.png Graphic file (type png)
<use figures/kqreal.png>
Package pdftex.def Info: figures/kqreal.png  used on input line 251.
(pdftex.def)             Requested size: 455.24411pt x 249.0988pt.
 [33 <./figures/simukq.png> <./figures/kqreal.png>]
<figures/kq1.png, id=634, 850.67813pt x 419.31656pt>
File: figures/kq1.png Graphic file (type png)
<use figures/kq1.png>
Package pdftex.def Info: figures/kq1.png  used on input line 267.
(pdftex.def)             Requested size: 455.24411pt x 224.3993pt.
<figures/dvbt_1.png, id=636, 853.68938pt x 426.84468pt>
File: figures/dvbt_1.png Graphic file (type png)
<use figures/dvbt_1.png>
Package pdftex.def Info: figures/dvbt_1.png  used on input line 277.
(pdftex.def)             Requested size: 455.24411pt x 227.62692pt.


LaTeX Warning: `!h' float specifier changed to `!ht'.

[34 <./figures/kq1.png>]

Package natbib Warning: Citation `BogdanDIA2015' on page 35 undefined on input line 292.

<figures/spectrum2.png, id=643, 1329.96875pt x 743.77875pt>
File: figures/spectrum2.png Graphic file (type png)
<use figures/spectrum2.png>
Package pdftex.def Info: figures/spectrum2.png  used on input line 298.
(pdftex.def)             Requested size: 455.24411pt x 254.59514pt.

LaTeX Warning: `!h' float specifier changed to `!ht'.


LaTeX Warning: `!h' float specifier changed to `!ht'.


Underfull \vbox (badness 10000) has occurred while \output is active []

 [35 <./figures/dvbt_1.png>] [36 <./figures/spectrum2.png>]
<figures/dvbt_3.png, id=655, 850.67813pt x 421.575pt>
File: figures/dvbt_3.png Graphic file (type png)
<use figures/dvbt_3.png>
Package pdftex.def Info: figures/dvbt_3.png  used on input line 325.
(pdftex.def)             Requested size: 455.24411pt x 225.60793pt.
) [37 <./figures/dvbt_3.png>] (chapter/Chap4_Ketluan.tex [38


]
LaTeX Font Info:    Trying to load font information for T5+pcr on input line 30.
 (Q:\MiKTeX\tex/latex/vntex\t5pcr.fd
File: t5ucr.fd 2005/08/24 Fontinst v1.929 font definitions for T5/pcr.
)) [39] (cover/phuluc.tex
<figures/simulation1.png, id=672, 1371.1225pt x 683.55376pt>
File: figures/simulation1.png Graphic file (type png)
<use figures/simulation1.png>
Package pdftex.def Info: figures/simulation1.png  used on input line 13.
(pdftex.def)             Requested size: 455.24411pt x 226.95023pt.
 [40


 <./figures/simulation1.png>]
<figures/channel.png, id=680, 999.735pt x 464.73625pt>
File: figures/channel.png Graphic file (type png)
<use figures/channel.png>
Package pdftex.def Info: figures/channel.png  used on input line 26.
(pdftex.def)             Requested size: 455.24411pt x 211.6255pt.
<figures/sampleandphase.png, id=681, 321.2pt x 150.5625pt>
File: figures/sampleandphase.png Graphic file (type png)
<use figures/sampleandphase.png>
Package pdftex.def Info: figures/sampleandphase.png  used on input line 28.
(pdftex.def)             Requested size: 227.62206pt x 106.70024pt.

Overfull \hbox (3.0pt too wide) in paragraph at lines 26--30
 [][] 
 []

[41 <./figures/channel.png> <./figures/sampleandphase.png>]
<figures/NBFM.png, id=691, 645.16031pt x 190.46156pt>
File: figures/NBFM.png Graphic file (type png)
<use figures/NBFM.png>
Package pdftex.def Info: figures/NBFM.png  used on input line 42.
(pdftex.def)             Requested size: 455.24411pt x 134.39455pt.
 [42 <./figures/NBFM.png>]
<figures/DoA_FM_grc.png, id=698, 851.43094pt x 1155.56718pt>
File: figures/DoA_FM_grc.png Graphic file (type png)
<use figures/DoA_FM_grc.png>
Package pdftex.def Info: figures/DoA_FM_grc.png  used on input line 70.
(pdftex.def)             Requested size: 455.24472pt x 617.86089pt.
 [43]

LaTeX Warning: Text page 44 contains only floats.


Underfull \vbox (badness 10000) has occurred while \output is active []

 [44 <./figures/DoA_FM_grc.png>]
<figures/dvbt.png, id=710, 816.04875pt x 399.74344pt>
File: figures/dvbt.png Graphic file (type png)
<use figures/dvbt.png>
Package pdftex.def Info: figures/dvbt.png  used on input line 83.
(pdftex.def)             Requested size: 432.48051pt x 211.8508pt.
) [45

 <./figures/dvbt.png>] (main.bbl)

Package natbib Warning: There were undefined citations.

[46


] (main.aux)
 ***********
LaTeX2e <2023-11-01> patch level 1
L3 programming layer <2024-01-04>
 ***********


LaTeX Font Warning: Size substitutions with differences
(Font)              up to 1.0pt have occurred.

Package rerunfilecheck Info: File `main.out' has not changed.
(rerunfilecheck)             Checksum: F2947BF92BD1E2EF10FBC2BDE7857586;6279.
 ) 
Here is how much of TeX's memory you used:
 58285 strings out of 474486
 1442028 string characters out of 5760170
 2280357 words of memory out of 5000000
 79520 multiletter control sequences out of 15000+600000
 631262 words of font info for 121 fonts, out of 8000000 for 9000
 1141 hyphenation exceptions out of 8191
 84i,22n,113p,1693b,649s stack positions out of 10000i,1000n,20000p,200000b,200000s
<Q:/MiKTeX/fonts/type1/public/amsfonts/cm/cmbx12.pfb><Q:/MiKTeX/fonts/type1/public/amsfonts/cm/cmbx8.pfb><Q:/MiKTeX/fonts/type1/public/amsfonts/cm/cmbx9.pfb><Q:/MiKTeX/fonts/type1/public/amsfonts/cm/cmex10.pfb><Q:/MiKTeX/fonts/type1/public/amsfonts/cm/cmmi12.pfb><Q:/MiKTeX/fonts/type1/public/amsfonts/cm/cmmi6.pfb><Q:/MiKTeX/fonts/type1/public/amsfonts/cm/cmmi8.pfb><Q:/MiKTeX/fonts/type1/public/amsfonts/cm/cmmi9.pfb><Q:/MiKTeX/fonts/type1/public/amsfonts/cm/cmr12.pfb><Q:/MiKTeX/fonts/type1/public/amsfonts/cm/cmr6.pfb><Q:/MiKTeX/fonts/type1/public/amsfonts/cm/cmr8.pfb><Q:/MiKTeX/fonts/type1/public/amsfonts/cm/cmr9.pfb><Q:/MiKTeX/fonts/type1/public/amsfonts/cm/cmsy10.pfb><Q:/MiKTeX/fonts/type1/public/amsfonts/cm/cmsy8.pfb><Q:/MiKTeX/fonts/type1/public/amsfonts/cm/cmsy9.pfb><Q:/MiKTeX/fonts/type1/public/amsfonts/euler/eusm10.pfb><Q:/MiKTeX/fonts/type1/public/amsfonts/symbols/msam10.pfb><Q:/MiKTeX/fonts/type1/public/amsfonts/symbols/msbm10.pfb><Q:/MiKTeX/fonts/type1/vntex/urwvn/ucrr8v.pfb><Q:/MiKTeX/fonts/type1/vntex/urwvn/utmb8v.pfb><Q:/MiKTeX/fonts/type1/vntex/urwvn/utmb8v.pfb><Q:/MiKTeX/fonts/type1/vntex/urwvn/utmbi8v.pfb><Q:/MiKTeX/fonts/type1/vntex/urwvn/utmr8v.pfb><Q:/MiKTeX/fonts/type1/vntex/urwvn/utmr8v.pfb><Q:/MiKTeX/fonts/type1/vntex/urwvn/utmri8v.pfb>
Output written on main.pdf (57 pages, 7421967 bytes).
PDF statistics:
 867 PDF objects out of 1000 (max. 8388607)
 181 named destinations out of 1000 (max. 500000)
 515 words of extra memory for PDF output out of 10000 (max. 10000000)

